Using pre-set license
Built from '2020.3/staging' branch; Version is '2020.3.22f1 (e1a7f79fd887) revision 14788599'; Using compiler version '192528614'; Build Type 'Release'
OS: 'Windows 10 Home; OS build 19044.1415; Version 2009; 64bit' Language: 'pt' Physical Memory: 8145 MB
BatchMode: 1, IsHumanControllingUs: 0, StartBugReporterOnCrash: 0, Is64bit: 1, IsPro: 0

COMMAND LINE ARGUMENTS:
C:\Program Files\Unity\Hub\Editor\2020.3.22f1\Editor\Unity.exe
-adb2
-batchMode
-noUpm
-name
AssetImportWorker1
-projectPath
E:/Unity/Fiverr-Order
-logFile
Logs/AssetImportWorker1.log
-srvPort
63876
Successfully changed project path to: E:/Unity/Fiverr-Order
E:/Unity/Fiverr-Order
Using Asset Import Pipeline V2.
Refreshing native plugins compatible for Editor in 70.69 ms, found 3 plugins.
Preloading 0 native plugins for Editor in 0.00 ms.
Initialize engine version: 2020.3.22f1 (e1a7f79fd887)
[Subsystems] Discovering subsystems at path C:/Program Files/Unity/Hub/Editor/2020.3.22f1/Editor/Data/Resources/UnitySubsystems
[Subsystems] Discovering subsystems at path E:/Unity/Fiverr-Order/Assets
GfxDevice: creating device client; threaded=0
Direct3D:
    Version:  Direct3D 11.0 [level 11.1]
    Renderer: NVIDIA GeForce GTX 1050 Ti (ID=0x1c82)
    Vendor:   
    VRAM:     4018 MB
    Driver:   30.0.14.9709
Initialize mono
Mono path[0] = 'C:/Program Files/Unity/Hub/Editor/2020.3.22f1/Editor/Data/Managed'
Mono path[1] = 'C:/Program Files/Unity/Hub/Editor/2020.3.22f1/Editor/Data/MonoBleedingEdge/lib/mono/unityjit'
Mono config path = 'C:/Program Files/Unity/Hub/Editor/2020.3.22f1/Editor/Data/MonoBleedingEdge/etc'
Using monoOptions --debugger-agent=transport=dt_socket,embedding=1,server=y,suspend=n,address=127.0.0.1:56628
Begin MonoManager ReloadAssembly
Registering precompiled unity dll's ...
Register platform support module: C:/Program Files/Unity/Hub/Editor/2020.3.22f1/Editor/Data/PlaybackEngines/WindowsStandaloneSupport/UnityEditor.WindowsStandalone.Extensions.dll
Registered in 0.003569 seconds.
Native extension for WindowsStandalone target not found
Refreshing native plugins compatible for Editor in 72.64 ms, found 3 plugins.
Preloading 0 native plugins for Editor in 0.00 ms.
Mono: successfully reloaded assembly
- Completed reload, in  9.663 seconds
Domain Reload Profiling:
	ReloadAssembly (9663ms)
		BeginReloadAssembly (83ms)
			ExecutionOrderSort (0ms)
			DisableScriptedObjects (0ms)
			BackupInstance (0ms)
			ReleaseScriptingObjects (0ms)
			CreateAndSetChildDomain (1ms)
		EndReloadAssembly (645ms)
			LoadAssemblies (78ms)
			RebuildTransferFunctionScriptingTraits (0ms)
			SetupTypeCache (203ms)
			ReleaseScriptCaches (0ms)
			RebuildScriptCaches (46ms)
			SetupLoadedEditorAssemblies (255ms)
				LogAssemblyErrors (0ms)
				InitializePlatformSupportModulesInManaged (6ms)
				SetLoadedEditorAssemblies (1ms)
				RefreshPlugins (73ms)
				BeforeProcessingInitializeOnLoad (22ms)
				ProcessInitializeOnLoadAttributes (115ms)
				ProcessInitializeOnLoadMethodAttributes (39ms)
				AfterProcessingInitializeOnLoad (0ms)
				EditorAssembliesLoaded (0ms)
			ExecutionOrderSort2 (0ms)
			AwakeInstancesAfterBackupRestoration (0ms)
Platform modules already initialized, skipping
Registering precompiled user dll's ...
Registered in 0.006057 seconds.
Begin MonoManager ReloadAssembly
Native extension for WindowsStandalone target not found
Refreshing native plugins compatible for Editor in 71.20 ms, found 3 plugins.
Preloading 0 native plugins for Editor in 0.00 ms.
Mono: successfully reloaded assembly
- Completed reload, in  4.452 seconds
Domain Reload Profiling:
	ReloadAssembly (4454ms)
		BeginReloadAssembly (299ms)
			ExecutionOrderSort (0ms)
			DisableScriptedObjects (7ms)
			BackupInstance (0ms)
			ReleaseScriptingObjects (0ms)
			CreateAndSetChildDomain (37ms)
		EndReloadAssembly (4050ms)
			LoadAssemblies (973ms)
			RebuildTransferFunctionScriptingTraits (0ms)
			SetupTypeCache (461ms)
			ReleaseScriptCaches (1ms)
			RebuildScriptCaches (74ms)
			SetupLoadedEditorAssemblies (2439ms)
				LogAssemblyErrors (0ms)
				InitializePlatformSupportModulesInManaged (5ms)
				SetLoadedEditorAssemblies (0ms)
				RefreshPlugins (71ms)
				BeforeProcessingInitializeOnLoad (108ms)
				ProcessInitializeOnLoadAttributes (2025ms)
				ProcessInitializeOnLoadMethodAttributes (216ms)
				AfterProcessingInitializeOnLoad (13ms)
				EditorAssembliesLoaded (0ms)
			ExecutionOrderSort2 (0ms)
			AwakeInstancesAfterBackupRestoration (10ms)
Platform modules already initialized, skipping
========================================================================
Worker process is ready to serve import requests
Launched and connected shader compiler UnityShaderCompiler.exe after 0.30 seconds
Refreshing native plugins compatible for Editor in 1.12 ms, found 3 plugins.
Preloading 0 native plugins for Editor in 0.00 ms.
Unloading 2297 Unused Serialized files (Serialized files now loaded: 0)
System memory in use before: 99.4 MB.
System memory in use after: 99.6 MB.

Unloading 29 unused Assets to reduce memory usage. Loaded Objects now: 2732.
Total: 7.447300 ms (FindLiveObjects: 0.664000 ms CreateObjectMapping: 0.515400 ms MarkObjects: 6.156000 ms  DeleteObjects: 0.109500 ms)

AssetImportParameters requested are different than current active one (requested -> active):
  custom:framework-win-MediaFoundation: 216162199b28c13a410421893ffa2e32 -> 
  custom:video-decoder-ogg-theora: a1e56fd34408186e4bbccfd4996cb3dc -> 
  custom:container-muxer-webm: aa71ff27fc2769a1b78a27578f13a17b -> 
  custom:container-demuxer-webm: 4f35f7cbe854078d1ac9338744f61a02 -> 
  custom:container-demuxer-ogg: 62fdf1f143b41e24485cea50d1cbac27 -> 
  custom:video-encoder-webm-vp8: eb34c28f22e8b96e1ab97ce403110664 -> 
  custom:video-decoder-webm-vp8: 9c59270c3fd7afecdb556c50c9e8de78 -> 
  custom:audio-decoder-ogg-vorbis: bf7c407c2cedff20999df2af8eb42d56 -> 
  custom:audio-encoder-webm-vorbis: bf7c407c2cedff20999df2af8eb42d56 -> 
========================================================================
Received Import Request.
  path: Assets/_Game/Scripts/Enemies/TriggerAreaCheck.cs
  artifactKey: Guid(a955886f689d2d442a4c0b963161d586) Importer(815301076,1909f56bfc062723c751e8b465ee728b)
Start importing Assets/_Game/Scripts/Enemies/TriggerAreaCheck.cs using Guid(a955886f689d2d442a4c0b963161d586) Importer(815301076,1909f56bfc062723c751e8b465ee728b)  -> (artifact id: 'b44268bb0bcd0a35583ff656a11d7c00') in 0.086298 seconds 
  Import took 0.121833 seconds .

========================================================================
Received Import Request.
  Time since last request: 16.118309 seconds.
  path: Assets/_Game/Scripts/Enemies/HotZone.cs
  artifactKey: Guid(7d7f62766037f6944bf3d617da014c70) Importer(815301076,1909f56bfc062723c751e8b465ee728b)
Start importing Assets/_Game/Scripts/Enemies/HotZone.cs using Guid(7d7f62766037f6944bf3d617da014c70) Importer(815301076,1909f56bfc062723c751e8b465ee728b)  -> (artifact id: '3e4cf4d6758194947ba4c1b39cd4ab5f') in 0.028145 seconds 
  Import took 0.050210 seconds .

========================================================================
Received Import Request.
  Time since last request: 7.911527 seconds.
  path: Assets/_Game/Scripts/Enemies/HotZone.cs
  artifactKey: Guid(7d7f62766037f6944bf3d617da014c70) Importer(815301076,1909f56bfc062723c751e8b465ee728b)
Start importing Assets/_Game/Scripts/Enemies/HotZone.cs using Guid(7d7f62766037f6944bf3d617da014c70) Importer(815301076,1909f56bfc062723c751e8b465ee728b)  -> (artifact id: 'ed0074468075f6e4fba14483a772f787') in 0.014421 seconds 
  Import took 0.076613 seconds .

========================================================================
Received Import Request.
  Time since last request: 14.037868 seconds.
  path: Assets/_Game/Scripts/Enemies
  artifactKey: Guid(a0b625cf0fb23164089e3dae209bcc6d) Importer(815301076,1909f56bfc062723c751e8b465ee728b)
Start importing Assets/_Game/Scripts/Enemies using Guid(a0b625cf0fb23164089e3dae209bcc6d) Importer(815301076,1909f56bfc062723c751e8b465ee728b)  -> (artifact id: 'bc439244f0f0affe7cc5cadf258de2e8') in 0.022867 seconds 
  Import took 0.049435 seconds .

========================================================================
Received Import Request.
  Time since last request: 5.139596 seconds.
  path: Assets/_Game/Scripts/Enemies/Enemy_IA.cs
  artifactKey: Guid(4260c00dd327bbb4191f796b10e854c8) Importer(815301076,1909f56bfc062723c751e8b465ee728b)
Start importing Assets/_Game/Scripts/Enemies/Enemy_IA.cs using Guid(4260c00dd327bbb4191f796b10e854c8) Importer(815301076,1909f56bfc062723c751e8b465ee728b)  -> (artifact id: '2659e5d023d511965eb987120f0679f0') in 0.040101 seconds 
  Import took 0.045627 seconds .

========================================================================
Received Import Request.
  Time since last request: 11.263460 seconds.
  path: Assets/_Game/Scripts/Enemies/Enemy_IA.cs
  artifactKey: Guid(4260c00dd327bbb4191f796b10e854c8) Importer(815301076,1909f56bfc062723c751e8b465ee728b)
Start importing Assets/_Game/Scripts/Enemies/Enemy_IA.cs using Guid(4260c00dd327bbb4191f796b10e854c8) Importer(815301076,1909f56bfc062723c751e8b465ee728b)  -> (artifact id: '80f8f93952c035199b606e3ed912debc') in 0.018417 seconds 
  Import took 0.042813 seconds .

========================================================================
Received Prepare
Registering precompiled user dll's ...
Registered in 0.006948 seconds.
Begin MonoManager ReloadAssembly
Native extension for WindowsStandalone target not found
Refreshing native plugins compatible for Editor in 0.72 ms, found 3 plugins.
Preloading 0 native plugins for Editor in 0.00 ms.
Mono: successfully reloaded assembly
- Completed reload, in  2.639 seconds
Domain Reload Profiling:
	ReloadAssembly (2640ms)
		BeginReloadAssembly (185ms)
			ExecutionOrderSort (0ms)
			DisableScriptedObjects (8ms)
			BackupInstance (0ms)
			ReleaseScriptingObjects (0ms)
			CreateAndSetChildDomain (75ms)
		EndReloadAssembly (2364ms)
			LoadAssemblies (136ms)
			RebuildTransferFunctionScriptingTraits (0ms)
			SetupTypeCache (389ms)
			ReleaseScriptCaches (1ms)
			RebuildScriptCaches (65ms)
			SetupLoadedEditorAssemblies (1625ms)
				LogAssemblyErrors (0ms)
				InitializePlatformSupportModulesInManaged (7ms)
				SetLoadedEditorAssemblies (1ms)
				RefreshPlugins (1ms)
				BeforeProcessingInitializeOnLoad (114ms)
				ProcessInitializeOnLoadAttributes (1476ms)
				ProcessInitializeOnLoadMethodAttributes (14ms)
				AfterProcessingInitializeOnLoad (12ms)
				EditorAssembliesLoaded (0ms)
			ExecutionOrderSort2 (0ms)
			AwakeInstancesAfterBackupRestoration (12ms)
Platform modules already initialized, skipping
Switching build target platform(19) subTarget(0) extendedPlatform(0) -> platform(13) subTarget(537395200) extendedPlatform(0)
Refreshing native plugins compatible for Editor in 0.90 ms, found 3 plugins.
Preloading 0 native plugins for Editor in 0.00 ms.
Unloading 2290 Unused Serialized files (Serialized files now loaded: 0)
System memory in use before: 98.9 MB.
System memory in use after: 99.1 MB.

Unloading 18 unused Assets to reduce memory usage. Loaded Objects now: 2736.
Total: 5.340500 ms (FindLiveObjects: 0.293000 ms CreateObjectMapping: 0.169500 ms MarkObjects: 4.848800 ms  DeleteObjects: 0.027400 ms)

AssetImportParameters requested are different than current active one (requested -> active):
  custom:framework-win-MediaFoundation: 216162199b28c13a410421893ffa2e32 -> 
  custom:video-decoder-ogg-theora: a1e56fd34408186e4bbccfd4996cb3dc -> 
  custom:container-muxer-webm: aa71ff27fc2769a1b78a27578f13a17b -> 
  custom:container-demuxer-webm: 4f35f7cbe854078d1ac9338744f61a02 -> 
  custom:container-demuxer-ogg: 62fdf1f143b41e24485cea50d1cbac27 -> 
  custom:video-encoder-webm-vp8: eb34c28f22e8b96e1ab97ce403110664 -> 
  custom:video-decoder-webm-vp8: 9c59270c3fd7afecdb556c50c9e8de78 -> 
  custom:graphics/normal-map-encoding: 01000000000000000000000000000000 -> 02000000000000000000000000000000
  custom:audio-decoder-ogg-vorbis: bf7c407c2cedff20999df2af8eb42d56 -> 
  custom:audio-encoder-webm-vorbis: bf7c407c2cedff20999df2af8eb42d56 -> 
========================================================================
Received Prepare
Registering precompiled user dll's ...
Registered in 0.005929 seconds.
Begin MonoManager ReloadAssembly
Native extension for WindowsStandalone target not found
Refreshing native plugins compatible for Editor in 0.80 ms, found 3 plugins.
Preloading 0 native plugins for Editor in 0.00 ms.
Mono: successfully reloaded assembly
- Completed reload, in  2.782 seconds
Domain Reload Profiling:
	ReloadAssembly (2782ms)
		BeginReloadAssembly (202ms)
			ExecutionOrderSort (0ms)
			DisableScriptedObjects (10ms)
			BackupInstance (0ms)
			ReleaseScriptingObjects (0ms)
			CreateAndSetChildDomain (86ms)
		EndReloadAssembly (2484ms)
			LoadAssemblies (135ms)
			RebuildTransferFunctionScriptingTraits (0ms)
			SetupTypeCache (415ms)
			ReleaseScriptCaches (2ms)
			RebuildScriptCaches (81ms)
			SetupLoadedEditorAssemblies (1680ms)
				LogAssemblyErrors (0ms)
				InitializePlatformSupportModulesInManaged (7ms)
				SetLoadedEditorAssemblies (1ms)
				RefreshPlugins (1ms)
				BeforeProcessingInitializeOnLoad (121ms)
				ProcessInitializeOnLoadAttributes (1522ms)
				ProcessInitializeOnLoadMethodAttributes (14ms)
				AfterProcessingInitializeOnLoad (13ms)
				EditorAssembliesLoaded (0ms)
			ExecutionOrderSort2 (0ms)
			AwakeInstancesAfterBackupRestoration (24ms)
Platform modules already initialized, skipping
Switching build target platform(19) subTarget(0) extendedPlatform(0) -> platform(13) subTarget(537395200) extendedPlatform(0)
Refreshing native plugins compatible for Editor in 0.71 ms, found 3 plugins.
Preloading 0 native plugins for Editor in 0.00 ms.
Unloading 2290 Unused Serialized files (Serialized files now loaded: 0)
System memory in use before: 98.9 MB.
System memory in use after: 99.1 MB.

Unloading 18 unused Assets to reduce memory usage. Loaded Objects now: 2738.
Total: 4.180400 ms (FindLiveObjects: 0.323000 ms CreateObjectMapping: 0.152500 ms MarkObjects: 3.680800 ms  DeleteObjects: 0.022400 ms)

AssetImportParameters requested are different than current active one (requested -> active):
  custom:framework-win-MediaFoundation: 216162199b28c13a410421893ffa2e32 -> 
  custom:video-decoder-ogg-theora: a1e56fd34408186e4bbccfd4996cb3dc -> 
  custom:container-muxer-webm: aa71ff27fc2769a1b78a27578f13a17b -> 
  custom:container-demuxer-webm: 4f35f7cbe854078d1ac9338744f61a02 -> 
  custom:container-demuxer-ogg: 62fdf1f143b41e24485cea50d1cbac27 -> 
  custom:video-encoder-webm-vp8: eb34c28f22e8b96e1ab97ce403110664 -> 
  custom:video-decoder-webm-vp8: 9c59270c3fd7afecdb556c50c9e8de78 -> 
  custom:graphics/normal-map-encoding: 01000000000000000000000000000000 -> 02000000000000000000000000000000
  custom:audio-decoder-ogg-vorbis: bf7c407c2cedff20999df2af8eb42d56 -> 
  custom:audio-encoder-webm-vorbis: bf7c407c2cedff20999df2af8eb42d56 -> 
========================================================================
Received Prepare
Registering precompiled user dll's ...
Registered in 0.005580 seconds.
Begin MonoManager ReloadAssembly
Native extension for WindowsStandalone target not found
Refreshing native plugins compatible for Editor in 0.72 ms, found 3 plugins.
Preloading 0 native plugins for Editor in 0.00 ms.
Mono: successfully reloaded assembly
- Completed reload, in  2.927 seconds
Domain Reload Profiling:
	ReloadAssembly (2928ms)
		BeginReloadAssembly (186ms)
			ExecutionOrderSort (0ms)
			DisableScriptedObjects (8ms)
			BackupInstance (0ms)
			ReleaseScriptingObjects (0ms)
			CreateAndSetChildDomain (74ms)
		EndReloadAssembly (2642ms)
			LoadAssemblies (128ms)
			RebuildTransferFunctionScriptingTraits (0ms)
			SetupTypeCache (419ms)
			ReleaseScriptCaches (1ms)
			RebuildScriptCaches (77ms)
			SetupLoadedEditorAssemblies (1845ms)
				LogAssemblyErrors (0ms)
				InitializePlatformSupportModulesInManaged (6ms)
				SetLoadedEditorAssemblies (1ms)
				RefreshPlugins (1ms)
				BeforeProcessingInitializeOnLoad (129ms)
				ProcessInitializeOnLoadAttributes (1675ms)
				ProcessInitializeOnLoadMethodAttributes (21ms)
				AfterProcessingInitializeOnLoad (12ms)
				EditorAssembliesLoaded (0ms)
			ExecutionOrderSort2 (0ms)
			AwakeInstancesAfterBackupRestoration (12ms)
Platform modules already initialized, skipping
Switching build target platform(19) subTarget(0) extendedPlatform(0) -> platform(13) subTarget(537395200) extendedPlatform(0)
Refreshing native plugins compatible for Editor in 0.80 ms, found 3 plugins.
Preloading 0 native plugins for Editor in 0.00 ms.
Unloading 2290 Unused Serialized files (Serialized files now loaded: 0)
System memory in use before: 99.0 MB.
System memory in use after: 99.2 MB.

Unloading 18 unused Assets to reduce memory usage. Loaded Objects now: 2740.
Total: 4.915900 ms (FindLiveObjects: 0.249000 ms CreateObjectMapping: 0.116000 ms MarkObjects: 4.514500 ms  DeleteObjects: 0.034300 ms)

AssetImportParameters requested are different than current active one (requested -> active):
  custom:framework-win-MediaFoundation: 216162199b28c13a410421893ffa2e32 -> 
  custom:video-decoder-ogg-theora: a1e56fd34408186e4bbccfd4996cb3dc -> 
  custom:container-muxer-webm: aa71ff27fc2769a1b78a27578f13a17b -> 
  custom:container-demuxer-webm: 4f35f7cbe854078d1ac9338744f61a02 -> 
  custom:container-demuxer-ogg: 62fdf1f143b41e24485cea50d1cbac27 -> 
  custom:video-encoder-webm-vp8: eb34c28f22e8b96e1ab97ce403110664 -> 
  custom:video-decoder-webm-vp8: 9c59270c3fd7afecdb556c50c9e8de78 -> 
  custom:graphics/normal-map-encoding: 01000000000000000000000000000000 -> 02000000000000000000000000000000
  custom:audio-decoder-ogg-vorbis: bf7c407c2cedff20999df2af8eb42d56 -> 
  custom:audio-encoder-webm-vorbis: bf7c407c2cedff20999df2af8eb42d56 -> 
========================================================================
Received Prepare
Registering precompiled user dll's ...
Registered in 0.005762 seconds.
Begin MonoManager ReloadAssembly
Native extension for WindowsStandalone target not found
Refreshing native plugins compatible for Editor in 1.03 ms, found 3 plugins.
Preloading 0 native plugins for Editor in 0.00 ms.
Mono: successfully reloaded assembly
- Completed reload, in  2.856 seconds
Domain Reload Profiling:
	ReloadAssembly (2857ms)
		BeginReloadAssembly (188ms)
			ExecutionOrderSort (0ms)
			DisableScriptedObjects (10ms)
			BackupInstance (0ms)
			ReleaseScriptingObjects (0ms)
			CreateAndSetChildDomain (77ms)
		EndReloadAssembly (2568ms)
			LoadAssemblies (130ms)
			RebuildTransferFunctionScriptingTraits (0ms)
			SetupTypeCache (478ms)
			ReleaseScriptCaches (1ms)
			RebuildScriptCaches (59ms)
			SetupLoadedEditorAssemblies (1702ms)
				LogAssemblyErrors (0ms)
				InitializePlatformSupportModulesInManaged (9ms)
				SetLoadedEditorAssemblies (1ms)
				RefreshPlugins (1ms)
				BeforeProcessingInitializeOnLoad (129ms)
				ProcessInitializeOnLoadAttributes (1535ms)
				ProcessInitializeOnLoadMethodAttributes (14ms)
				AfterProcessingInitializeOnLoad (12ms)
				EditorAssembliesLoaded (0ms)
			ExecutionOrderSort2 (0ms)
			AwakeInstancesAfterBackupRestoration (13ms)
Platform modules already initialized, skipping
Switching build target platform(19) subTarget(0) extendedPlatform(0) -> platform(13) subTarget(537395200) extendedPlatform(0)
Refreshing native plugins compatible for Editor in 1.15 ms, found 3 plugins.
Preloading 0 native plugins for Editor in 0.00 ms.
Unloading 2290 Unused Serialized files (Serialized files now loaded: 0)
System memory in use before: 99.0 MB.
System memory in use after: 99.2 MB.

Unloading 18 unused Assets to reduce memory usage. Loaded Objects now: 2742.
Total: 4.558900 ms (FindLiveObjects: 0.240500 ms CreateObjectMapping: 0.128700 ms MarkObjects: 4.163500 ms  DeleteObjects: 0.024200 ms)

AssetImportParameters requested are different than current active one (requested -> active):
  custom:framework-win-MediaFoundation: 216162199b28c13a410421893ffa2e32 -> 
  custom:video-decoder-ogg-theora: a1e56fd34408186e4bbccfd4996cb3dc -> 
  custom:container-muxer-webm: aa71ff27fc2769a1b78a27578f13a17b -> 
  custom:container-demuxer-webm: 4f35f7cbe854078d1ac9338744f61a02 -> 
  custom:container-demuxer-ogg: 62fdf1f143b41e24485cea50d1cbac27 -> 
  custom:video-encoder-webm-vp8: eb34c28f22e8b96e1ab97ce403110664 -> 
  custom:video-decoder-webm-vp8: 9c59270c3fd7afecdb556c50c9e8de78 -> 
  custom:graphics/normal-map-encoding: 01000000000000000000000000000000 -> 02000000000000000000000000000000
  custom:audio-decoder-ogg-vorbis: bf7c407c2cedff20999df2af8eb42d56 -> 
  custom:audio-encoder-webm-vorbis: bf7c407c2cedff20999df2af8eb42d56 -> 
========================================================================
Received Import Request.
  Time since last request: 466.064743 seconds.
  path: Assets/Imported/New/cyberpunk city 2 files/Sprites/cop/run/cop1.png
  artifactKey: Guid(f551e56241e15a043931a2e8eeb15977) Importer(815301076,1909f56bfc062723c751e8b465ee728b)
Start importing Assets/Imported/New/cyberpunk city 2 files/Sprites/cop/run/cop1.png using Guid(f551e56241e15a043931a2e8eeb15977) Importer(815301076,1909f56bfc062723c751e8b465ee728b)  -> (artifact id: '331e835315c03afc0a1533c90c17d54c') in 0.143865 seconds 
  Import took 0.162544 seconds .

========================================================================
Received Import Request.
  Time since last request: 0.000249 seconds.
  path: Assets/Imported/New/cyberpunk city 2 files/Sprites/cop/run/cop7.png
  artifactKey: Guid(6c1b178f996dd5347bc2258b1c8a56b3) Importer(815301076,1909f56bfc062723c751e8b465ee728b)
Start importing Assets/Imported/New/cyberpunk city 2 files/Sprites/cop/run/cop7.png using Guid(6c1b178f996dd5347bc2258b1c8a56b3) Importer(815301076,1909f56bfc062723c751e8b465ee728b)  -> (artifact id: '98069534c1839ccec4f075b08aaa9ad5') in 0.049815 seconds 
  Import took 0.071738 seconds .

========================================================================
Received Import Request.
  Time since last request: 0.000234 seconds.
  path: Assets/Imported/New/cyberpunk city 2 files/Sprites/cop/run/cop8.png
  artifactKey: Guid(b962e79001f44544f8fa264f42b6075b) Importer(815301076,1909f56bfc062723c751e8b465ee728b)
Start importing Assets/Imported/New/cyberpunk city 2 files/Sprites/cop/run/cop8.png using Guid(b962e79001f44544f8fa264f42b6075b) Importer(815301076,1909f56bfc062723c751e8b465ee728b)  -> (artifact id: '3bce05941e41357caa77d1eef1c6adea') in 0.044981 seconds 
  Import took 0.058065 seconds .

========================================================================
Received Import Request.
  Time since last request: 0.000339 seconds.
  path: Assets/Imported/New/cyberpunk city 2 files/Sprites/cop/run/cop2.png
  artifactKey: Guid(11688b49163747e4197984e54a9db068) Importer(815301076,1909f56bfc062723c751e8b465ee728b)
Start importing Assets/Imported/New/cyberpunk city 2 files/Sprites/cop/run/cop2.png using Guid(11688b49163747e4197984e54a9db068) Importer(815301076,1909f56bfc062723c751e8b465ee728b)  -> (artifact id: '21a29504ba692a8d1abd623caedf5376') in 0.049533 seconds 
  Import took 0.054535 seconds .

========================================================================
Received Import Request.
  Time since last request: 0.000279 seconds.
  path: Assets/Imported/New/cyberpunk city 2 files/Sprites/cop/run/cop4.png
  artifactKey: Guid(6a99a07ff2b31bf4ab186a8f23eae7d9) Importer(815301076,1909f56bfc062723c751e8b465ee728b)
Start importing Assets/Imported/New/cyberpunk city 2 files/Sprites/cop/run/cop4.png using Guid(6a99a07ff2b31bf4ab186a8f23eae7d9) Importer(815301076,1909f56bfc062723c751e8b465ee728b)  -> (artifact id: 'ef014ccf060d139ab91fdcd2be3b950f') in 0.043070 seconds 
  Import took 0.063764 seconds .

========================================================================
Received Import Request.
  Time since last request: 0.000307 seconds.
  path: Assets/Imported/New/cyberpunk city 2 files/Sprites/cop/run/cop3.png
  artifactKey: Guid(e2387ad5fa93dfe40913f4dde8130455) Importer(815301076,1909f56bfc062723c751e8b465ee728b)
Start importing Assets/Imported/New/cyberpunk city 2 files/Sprites/cop/run/cop3.png using Guid(e2387ad5fa93dfe40913f4dde8130455) Importer(815301076,1909f56bfc062723c751e8b465ee728b)  -> (artifact id: 'df789294209688cc8e33f2765c2dc272') in 0.051502 seconds 
  Import took 0.062653 seconds .

========================================================================
Received Import Request.
  Time since last request: 0.000243 seconds.
  path: Assets/Imported/New/cyberpunk city 2 files/Sprites/cop/run/cop6.png
  artifactKey: Guid(f8b6d38fa199be54c907f2b3935cda50) Importer(815301076,1909f56bfc062723c751e8b465ee728b)
Start importing Assets/Imported/New/cyberpunk city 2 files/Sprites/cop/run/cop6.png using Guid(f8b6d38fa199be54c907f2b3935cda50) Importer(815301076,1909f56bfc062723c751e8b465ee728b)  -> (artifact id: '68d1f05b03d3a57d47cf792f6c98abcf') in 0.036475 seconds 
  Import took 0.052989 seconds .

========================================================================
Received Import Request.
  Time since last request: 0.000210 seconds.
  path: Assets/Imported/New/cyberpunk city 2 files/Sprites/cop/run/cop5.png
  artifactKey: Guid(b63334157b684d747bc7fb82ddd100df) Importer(815301076,1909f56bfc062723c751e8b465ee728b)
Start importing Assets/Imported/New/cyberpunk city 2 files/Sprites/cop/run/cop5.png using Guid(b63334157b684d747bc7fb82ddd100df) Importer(815301076,1909f56bfc062723c751e8b465ee728b)  -> (artifact id: '868e408afdf68b3f68bc30071fa427b6') in 0.037220 seconds 
  Import took 0.041717 seconds .

========================================================================
Received Import Request.
  Time since last request: 3.480600 seconds.
  path: Assets/Imported/New/cyberpunk city 2 files/Sprites/cop/run/cop9.png
  artifactKey: Guid(c4db2a4638c48f54a84ddadc0e25cd28) Importer(815301076,1909f56bfc062723c751e8b465ee728b)
Start importing Assets/Imported/New/cyberpunk city 2 files/Sprites/cop/run/cop9.png using Guid(c4db2a4638c48f54a84ddadc0e25cd28) Importer(815301076,1909f56bfc062723c751e8b465ee728b)  -> (artifact id: '29049b85362020029d8611a118fbe103') in 0.050232 seconds 
  Import took 0.071547 seconds .

========================================================================
Received Import Request.
  Time since last request: 0.000344 seconds.
  path: Assets/Imported/New/cyberpunk city 2 files/Sprites/cop/run/cop10.png
  artifactKey: Guid(20f6268206ab1f04586a8ce51ef5b66f) Importer(815301076,1909f56bfc062723c751e8b465ee728b)
Start importing Assets/Imported/New/cyberpunk city 2 files/Sprites/cop/run/cop10.png using Guid(20f6268206ab1f04586a8ce51ef5b66f) Importer(815301076,1909f56bfc062723c751e8b465ee728b)  -> (artifact id: 'ffa76ad7dd170205910b0cc856d9d74e') in 0.051501 seconds 
  Import took 0.061089 seconds .

========================================================================
Received Import Request.
  Time since last request: 12.790131 seconds.
  path: Assets/Imported/New/TilePalletes/New Palette 2.prefab
  artifactKey: Guid(71cf617d0c593b1429dc798b90aadc74) Importer(815301076,1909f56bfc062723c751e8b465ee728b)
Start importing Assets/Imported/New/TilePalletes/New Palette 2.prefab using Guid(71cf617d0c593b1429dc798b90aadc74) Importer(815301076,1909f56bfc062723c751e8b465ee728b)  -> (artifact id: '60d3b641f751f655fd2265e0a8e080fc') in 0.481873 seconds 
  Import took 0.495673 seconds .

========================================================================
Received Import Request.
  Time since last request: 0.000309 seconds.
  path: Assets/Imported/New/TilePalletes/New Palette.prefab
  artifactKey: Guid(e737b81d3f77d6f419a001b4bafd5031) Importer(815301076,1909f56bfc062723c751e8b465ee728b)
Start importing Assets/Imported/New/TilePalletes/New Palette.prefab using Guid(e737b81d3f77d6f419a001b4bafd5031) Importer(815301076,1909f56bfc062723c751e8b465ee728b)  -> (artifact id: 'd3e3a048be539a09d356e20058a3807e') in 0.348781 seconds 
  Import took 0.385360 seconds .

========================================================================
Received Import Request.
  Time since last request: 0.000314 seconds.
  path: Assets/Imported/New/TilePalletes/tileset_0 1.asset
  artifactKey: Guid(ebd929b025b6b7a46997bb93ce7eed59) Importer(815301076,1909f56bfc062723c751e8b465ee728b)
Start importing Assets/Imported/New/TilePalletes/tileset_0 1.asset using Guid(ebd929b025b6b7a46997bb93ce7eed59) Importer(815301076,1909f56bfc062723c751e8b465ee728b)  -> (artifact id: '87de4148bc4d77a54fd408c554e162e5') in 0.031236 seconds 
  Import took 0.051547 seconds .

========================================================================
Received Import Request.
  Time since last request: 0.000192 seconds.
  path: Assets/Imported/New/TilePalletes/tileset_1 1.asset
  artifactKey: Guid(35fbcce5a796b504195bb304f2e50241) Importer(815301076,1909f56bfc062723c751e8b465ee728b)
Start importing Assets/Imported/New/TilePalletes/tileset_1 1.asset using Guid(35fbcce5a796b504195bb304f2e50241) Importer(815301076,1909f56bfc062723c751e8b465ee728b)  -> (artifact id: '0ee1daaf5a66bd0b1cda4e4a4ae8785c') in 0.030176 seconds 
  Import took 0.051748 seconds .

========================================================================
Received Import Request.
  Time since last request: 0.000244 seconds.
  path: Assets/Imported/New/TilePalletes/tileset_2 1.asset
  artifactKey: Guid(1db679d7612310a40b65083e1d57196b) Importer(815301076,1909f56bfc062723c751e8b465ee728b)
Start importing Assets/Imported/New/TilePalletes/tileset_2 1.asset using Guid(1db679d7612310a40b65083e1d57196b) Importer(815301076,1909f56bfc062723c751e8b465ee728b)  -> (artifact id: 'cd014d7e111578e5191c5e688d5148b9') in 0.022053 seconds 
  Import took 0.045323 seconds .

========================================================================
Received Import Request.
  Time since last request: 3.251719 seconds.
  path: Assets/Imported/New/PixelWhale_SF_Project/Character
  artifactKey: Guid(d51e9978fc3fef34bba79290be290aa0) Importer(815301076,1909f56bfc062723c751e8b465ee728b)
Start importing Assets/Imported/New/PixelWhale_SF_Project/Character using Guid(d51e9978fc3fef34bba79290be290aa0) Importer(815301076,1909f56bfc062723c751e8b465ee728b)  -> (artifact id: '61406d7ce6982eceb1865be44c256adc') in 0.010266 seconds 
  Import took 0.014959 seconds .

========================================================================
Received Import Request.
  Time since last request: 7.796712 seconds.
  path: Assets/Imported/New/PixelWhale_SF_Project/Character/image (8).png
  artifactKey: Guid(bc432f92f63182e4bac67992783e145f) Importer(815301076,1909f56bfc062723c751e8b465ee728b)
Start importing Assets/Imported/New/PixelWhale_SF_Project/Character/image (8).png using Guid(bc432f92f63182e4bac67992783e145f) Importer(815301076,1909f56bfc062723c751e8b465ee728b)  -> (artifact id: '50bce313ef3a091d08783cade8a9ce5d') in 0.197759 seconds 
  Import took 0.214252 seconds .

========================================================================
Received Import Request.
  Time since last request: 0.000352 seconds.
  path: Assets/Imported/New/PixelWhale_SF_Project/Character/New Piskel clone (6) (2).png
  artifactKey: Guid(4d9ca7b815606624898071a12e7d08a3) Importer(815301076,1909f56bfc062723c751e8b465ee728b)
Start importing Assets/Imported/New/PixelWhale_SF_Project/Character/New Piskel clone (6) (2).png using Guid(4d9ca7b815606624898071a12e7d08a3) Importer(815301076,1909f56bfc062723c751e8b465ee728b)  -> (artifact id: 'a1f9fb33a79b9837f48cbd1394ceae20') in 0.169294 seconds 
  Import took 0.190656 seconds .

========================================================================
Received Import Request.
  Time since last request: 0.000307 seconds.
  path: Assets/Imported/New/PixelWhale_SF_Project/Character/New Piskel (9).png
  artifactKey: Guid(9ae352846a19e9b47945be098c2254d9) Importer(815301076,1909f56bfc062723c751e8b465ee728b)
Start importing Assets/Imported/New/PixelWhale_SF_Project/Character/New Piskel (9).png using Guid(9ae352846a19e9b47945be098c2254d9) Importer(815301076,1909f56bfc062723c751e8b465ee728b)  -> (artifact id: 'f8d223e6ad8543c736e713fb79f8cbf5') in 0.148802 seconds 
  Import took 0.166109 seconds .

========================================================================
Received Import Request.
  Time since last request: 8.768854 seconds.
  path: Assets/Imported/New/warped city files/SPRITES/misc
  artifactKey: Guid(237279174e0cb2f4e9522a56acc7ea13) Importer(815301076,1909f56bfc062723c751e8b465ee728b)
Start importing Assets/Imported/New/warped city files/SPRITES/misc using Guid(237279174e0cb2f4e9522a56acc7ea13) Importer(815301076,1909f56bfc062723c751e8b465ee728b)  -> (artifact id: '8aaf0401176f8db124328b4b12c7f762') in 0.012087 seconds 
  Import took 0.035769 seconds .

========================================================================
Received Import Request.
  Time since last request: 2.730192 seconds.
  path: Assets/Imported/New/warped city files/SPRITES/misc/enemy-explosion
  artifactKey: Guid(97c93f2466f09cd4489d40513d9f95ca) Importer(815301076,1909f56bfc062723c751e8b465ee728b)
Start importing Assets/Imported/New/warped city files/SPRITES/misc/enemy-explosion using Guid(97c93f2466f09cd4489d40513d9f95ca) Importer(815301076,1909f56bfc062723c751e8b465ee728b)  -> (artifact id: '28ce369321d1bf5ca25bf783c1f3745b') in 0.016567 seconds 
  Import took 0.032134 seconds .

========================================================================
Received Import Request.
  Time since last request: 0.026201 seconds.
  path: Assets/Imported/New/warped city files/SPRITES/misc/enemy-explosion/enemy-explosion-1.png
  artifactKey: Guid(4610ff0fc9540b04cba3c8ca68e12398) Importer(815301076,1909f56bfc062723c751e8b465ee728b)
Start importing Assets/Imported/New/warped city files/SPRITES/misc/enemy-explosion/enemy-explosion-1.png using Guid(4610ff0fc9540b04cba3c8ca68e12398) Importer(815301076,1909f56bfc062723c751e8b465ee728b)  -> (artifact id: '35225668a83708250811934d7c7a2494') in 0.091339 seconds 
  Import took 0.112121 seconds .

========================================================================
Received Import Request.
  Time since last request: 0.000212 seconds.
  path: Assets/Imported/New/warped city files/SPRITES/misc/enemy-explosion/enemy-explosion-6.png
  artifactKey: Guid(763550f6f16cf7e4ab27b76a707a2f2b) Importer(815301076,1909f56bfc062723c751e8b465ee728b)
Start importing Assets/Imported/New/warped city files/SPRITES/misc/enemy-explosion/enemy-explosion-6.png using Guid(763550f6f16cf7e4ab27b76a707a2f2b) Importer(815301076,1909f56bfc062723c751e8b465ee728b)  -> (artifact id: '23c88723bfb6b9ebb823878e0f7e2493') in 0.064769 seconds 
  Import took 0.095607 seconds .

========================================================================
Received Import Request.
  Time since last request: 0.000302 seconds.
  path: Assets/Imported/New/warped city files/SPRITES/misc/enemy-explosion/enemy-explosion-preview.gif
  artifactKey: Guid(499f5b56c37f21a4f854720e33508720) Importer(815301076,1909f56bfc062723c751e8b465ee728b)
Start importing Assets/Imported/New/warped city files/SPRITES/misc/enemy-explosion/enemy-explosion-preview.gif using Guid(499f5b56c37f21a4f854720e33508720) Importer(815301076,1909f56bfc062723c751e8b465ee728b)  -> (artifact id: '0dd03ccf1df3aefae5f978fbb5e9b9c4') in 0.060511 seconds 
  Import took 0.073568 seconds .

========================================================================
Received Import Request.
  Time since last request: 0.000210 seconds.
  path: Assets/Imported/New/warped city files/SPRITES/misc/enemy-explosion/enemy-explosion-5.png
  artifactKey: Guid(350793234c92e0347983ba1ba923f813) Importer(815301076,1909f56bfc062723c751e8b465ee728b)
Start importing Assets/Imported/New/warped city files/SPRITES/misc/enemy-explosion/enemy-explosion-5.png using Guid(350793234c92e0347983ba1ba923f813) Importer(815301076,1909f56bfc062723c751e8b465ee728b)  -> (artifact id: 'bf9c8426ceebe73e958431ac8cc82b45') in 0.069063 seconds 
  Import took 0.104710 seconds .

========================================================================
Received Import Request.
  Time since last request: 0.000210 seconds.
  path: Assets/Imported/New/warped city files/SPRITES/misc/enemy-explosion/enemy-explosion-3.png
  artifactKey: Guid(0c26ae6d329a1b1468d785324eadf334) Importer(815301076,1909f56bfc062723c751e8b465ee728b)
Start importing Assets/Imported/New/warped city files/SPRITES/misc/enemy-explosion/enemy-explosion-3.png using Guid(0c26ae6d329a1b1468d785324eadf334) Importer(815301076,1909f56bfc062723c751e8b465ee728b)  -> (artifact id: 'bbb01735f0d9e6a826a93578c2625ef4') in 0.055522 seconds 
  Import took 0.077878 seconds .

========================================================================
Received Import Request.
  Time since last request: 0.000289 seconds.
  path: Assets/Imported/New/warped city files/SPRITES/misc/enemy-explosion/enemy-explosion-2.png
  artifactKey: Guid(77dd9a7d4fdcec144927eb84729aa575) Importer(815301076,1909f56bfc062723c751e8b465ee728b)
Start importing Assets/Imported/New/warped city files/SPRITES/misc/enemy-explosion/enemy-explosion-2.png using Guid(77dd9a7d4fdcec144927eb84729aa575) Importer(815301076,1909f56bfc062723c751e8b465ee728b)  -> (artifact id: '5f429238712b3f636d65808c0c414219') in 0.076520 seconds 
  Import took 0.095240 seconds .

========================================================================
Received Import Request.
  Time since last request: 0.000235 seconds.
  path: Assets/Imported/New/warped city files/SPRITES/misc/enemy-explosion/enemy-explosion-4.png
  artifactKey: Guid(180304ee1925d1b41874ea4edee5276f) Importer(815301076,1909f56bfc062723c751e8b465ee728b)
Start importing Assets/Imported/New/warped city files/SPRITES/misc/enemy-explosion/enemy-explosion-4.png using Guid(180304ee1925d1b41874ea4edee5276f) Importer(815301076,1909f56bfc062723c751e8b465ee728b)  -> (artifact id: '240679f973fba1df8a0509dae5842899') in 0.076068 seconds 
  Import took 0.079881 seconds .

========================================================================
Received Import Request.
  Time since last request: 0.912553 seconds.
  path: Assets/Imported/New/warped city files/SPRITES/misc/drone/drone-1.png
  artifactKey: Guid(5a2971246e2333e4d9ede8173b4a8a20) Importer(815301076,1909f56bfc062723c751e8b465ee728b)
Start importing Assets/Imported/New/warped city files/SPRITES/misc/drone/drone-1.png using Guid(5a2971246e2333e4d9ede8173b4a8a20) Importer(815301076,1909f56bfc062723c751e8b465ee728b)  -> (artifact id: '1c2ceaa7209b160d532272d5cd660418') in 0.067777 seconds 
  Import took 0.084706 seconds .

========================================================================
Received Import Request.
  Time since last request: 0.000382 seconds.
  path: Assets/Imported/New/warped city files/SPRITES/misc/drone/drone-2.png
  artifactKey: Guid(7166bebf29e696144938bb4a04ec321a) Importer(815301076,1909f56bfc062723c751e8b465ee728b)
Start importing Assets/Imported/New/warped city files/SPRITES/misc/drone/drone-2.png using Guid(7166bebf29e696144938bb4a04ec321a) Importer(815301076,1909f56bfc062723c751e8b465ee728b)  -> (artifact id: 'e6761c4f217be8a8848647d93d3d6f36') in 0.071461 seconds 
  Import took 0.090427 seconds .

========================================================================
Received Import Request.
  Time since last request: 0.000434 seconds.
  path: Assets/Imported/New/warped city files/SPRITES/misc/drone/drone_preview.gif
  artifactKey: Guid(08caa0f132e07ad4392c97639bccaf8f) Importer(815301076,1909f56bfc062723c751e8b465ee728b)
Start importing Assets/Imported/New/warped city files/SPRITES/misc/drone/drone_preview.gif using Guid(08caa0f132e07ad4392c97639bccaf8f) Importer(815301076,1909f56bfc062723c751e8b465ee728b)  -> (artifact id: '0aefbc853920dddf1b993a5f8c99fe91') in 0.065860 seconds 
  Import took 0.078291 seconds .

========================================================================
Received Import Request.
  Time since last request: 0.000232 seconds.
  path: Assets/Imported/New/warped city files/SPRITES/misc/drone/drone-3.png
  artifactKey: Guid(1f3edc9e6f4164648b10b398fb2e5a23) Importer(815301076,1909f56bfc062723c751e8b465ee728b)
Start importing Assets/Imported/New/warped city files/SPRITES/misc/drone/drone-3.png using Guid(1f3edc9e6f4164648b10b398fb2e5a23) Importer(815301076,1909f56bfc062723c751e8b465ee728b)  -> (artifact id: 'c5196fd62cc6742e5d8edb417a6d7ae1') in 0.044387 seconds 
  Import took 0.050695 seconds .

========================================================================
Received Import Request.
  Time since last request: 0.000187 seconds.
  path: Assets/Imported/New/warped city files/SPRITES/misc/drone/drone-4.png
  artifactKey: Guid(7625a4d3269198f4f92dac2e27f0f3f0) Importer(815301076,1909f56bfc062723c751e8b465ee728b)
Start importing Assets/Imported/New/warped city files/SPRITES/misc/drone/drone-4.png using Guid(7625a4d3269198f4f92dac2e27f0f3f0) Importer(815301076,1909f56bfc062723c751e8b465ee728b)  -> (artifact id: '2b2cbf6d7705b582a5c31799acf30c8f') in 0.056859 seconds 
  Import took 0.076763 seconds .

========================================================================
Received Import Request.
  Time since last request: 2.703920 seconds.
  path: Assets/Imported/New/warped city files/SPRITES/misc/shot-hit/shot-hit-1.png
  artifactKey: Guid(c9da91e93dd5dfe41bceeeab91c98200) Importer(815301076,1909f56bfc062723c751e8b465ee728b)
Start importing Assets/Imported/New/warped city files/SPRITES/misc/shot-hit/shot-hit-1.png using Guid(c9da91e93dd5dfe41bceeeab91c98200) Importer(815301076,1909f56bfc062723c751e8b465ee728b)  -> (artifact id: 'fdb075df01cfcd21cd3846b53c5cbec0') in 0.046565 seconds 
  Import took 0.060029 seconds .

========================================================================
Received Import Request.
  Time since last request: 0.000318 seconds.
  path: Assets/Imported/New/warped city files/SPRITES/misc/shot-hit/shot-hit-3.png
  artifactKey: Guid(4f039914631377b42a0cc2f351db4768) Importer(815301076,1909f56bfc062723c751e8b465ee728b)
Start importing Assets/Imported/New/warped city files/SPRITES/misc/shot-hit/shot-hit-3.png using Guid(4f039914631377b42a0cc2f351db4768) Importer(815301076,1909f56bfc062723c751e8b465ee728b)  -> (artifact id: '83f3516ea0f641f32cbcde6a3d23c810') in 0.039687 seconds 
  Import took 0.049912 seconds .

========================================================================
Received Import Request.
  Time since last request: 0.000301 seconds.
  path: Assets/Imported/New/warped city files/SPRITES/misc/shot-hit/shot-hit-2.png
  artifactKey: Guid(af6a33024e7c2784a920c651c824a7ef) Importer(815301076,1909f56bfc062723c751e8b465ee728b)
Start importing Assets/Imported/New/warped city files/SPRITES/misc/shot-hit/shot-hit-2.png using Guid(af6a33024e7c2784a920c651c824a7ef) Importer(815301076,1909f56bfc062723c751e8b465ee728b)  -> (artifact id: '9379d1d27a1108a6039e2299257e9096') in 0.032748 seconds 
  Import took 0.037075 seconds .

========================================================================
Received Import Request.
  Time since last request: 0.000287 seconds.
  path: Assets/Imported/New/warped city files/SPRITES/misc/shot-hit/shot-hit-preview.gif
  artifactKey: Guid(4a06fa363961fca4d9cb68d7781cb1ff) Importer(815301076,1909f56bfc062723c751e8b465ee728b)
Start importing Assets/Imported/New/warped city files/SPRITES/misc/shot-hit/shot-hit-preview.gif using Guid(4a06fa363961fca4d9cb68d7781cb1ff) Importer(815301076,1909f56bfc062723c751e8b465ee728b)  -> (artifact id: '1ad385568154fcab3b2d1f3daf02b67e') in 0.034488 seconds 
  Import took 0.038997 seconds .

========================================================================
Received Import Request.
  Time since last request: 0.473541 seconds.
  path: Assets/Imported/New/warped city files/SPRITES/misc/shot/shot-1.png
  artifactKey: Guid(d7d352e2e8149a04b9c929be81afab54) Importer(815301076,1909f56bfc062723c751e8b465ee728b)
Start importing Assets/Imported/New/warped city files/SPRITES/misc/shot/shot-1.png using Guid(d7d352e2e8149a04b9c929be81afab54) Importer(815301076,1909f56bfc062723c751e8b465ee728b)  -> (artifact id: '42189709b1f32d7b4a4654f7cdbef2cd') in 0.035731 seconds 
  Import took 0.041394 seconds .

========================================================================
Received Import Request.
  Time since last request: 0.000344 seconds.
  path: Assets/Imported/New/warped city files/SPRITES/misc/shot/shot-preview.gif
  artifactKey: Guid(b9aca5df231737041a8de07f1da6a01c) Importer(815301076,1909f56bfc062723c751e8b465ee728b)
Start importing Assets/Imported/New/warped city files/SPRITES/misc/shot/shot-preview.gif using Guid(b9aca5df231737041a8de07f1da6a01c) Importer(815301076,1909f56bfc062723c751e8b465ee728b)  -> (artifact id: '380da7a0b64367c9dca28d047779c021') in 0.040895 seconds 
  Import took 0.045157 seconds .

========================================================================
Received Import Request.
  Time since last request: 0.000324 seconds.
  path: Assets/Imported/New/warped city files/SPRITES/misc/shot/shot-2.png
  artifactKey: Guid(09fe6ab43f1ce8a4bbe5bb5c167ac4fb) Importer(815301076,1909f56bfc062723c751e8b465ee728b)
Start importing Assets/Imported/New/warped city files/SPRITES/misc/shot/shot-2.png using Guid(09fe6ab43f1ce8a4bbe5bb5c167ac4fb) Importer(815301076,1909f56bfc062723c751e8b465ee728b)  -> (artifact id: '0907b762ec38f41e4be2ad931da76900') in 0.036320 seconds 
  Import took 0.045439 seconds .

========================================================================
Received Import Request.
  Time since last request: 0.000264 seconds.
  path: Assets/Imported/New/warped city files/SPRITES/misc/shot/shot-3.png
  artifactKey: Guid(8287e3bf20bd07b42bf7b204f26183e6) Importer(815301076,1909f56bfc062723c751e8b465ee728b)
Start importing Assets/Imported/New/warped city files/SPRITES/misc/shot/shot-3.png using Guid(8287e3bf20bd07b42bf7b204f26183e6) Importer(815301076,1909f56bfc062723c751e8b465ee728b)  -> (artifact id: 'ed134f099cb713a415ff507fbab32029') in 0.041540 seconds 
  Import took 0.053096 seconds .

========================================================================
Received Import Request.
  Time since last request: 0.413511 seconds.
  path: Assets/Imported/New/warped city files/SPRITES/misc/turret/turret-1.png
  artifactKey: Guid(b101f0dc166fb9544ba4bae54a5c1f36) Importer(815301076,1909f56bfc062723c751e8b465ee728b)
Start importing Assets/Imported/New/warped city files/SPRITES/misc/turret/turret-1.png using Guid(b101f0dc166fb9544ba4bae54a5c1f36) Importer(815301076,1909f56bfc062723c751e8b465ee728b)  -> (artifact id: '53f7c515bcd36788e0a068273424e057') in 0.030963 seconds 
  Import took 0.036141 seconds .

========================================================================
Received Import Request.
  Time since last request: 0.000331 seconds.
  path: Assets/Imported/New/warped city files/SPRITES/misc/turret/turret-preview.gif
  artifactKey: Guid(e515ae9ed7803664198e80bb59b0501b) Importer(815301076,1909f56bfc062723c751e8b465ee728b)
Start importing Assets/Imported/New/warped city files/SPRITES/misc/turret/turret-preview.gif using Guid(e515ae9ed7803664198e80bb59b0501b) Importer(815301076,1909f56bfc062723c751e8b465ee728b)  -> (artifact id: '362c9bc3d17e30ad803536df87399aa3') in 0.042041 seconds 
  Import took 0.046642 seconds .

========================================================================
Received Import Request.
  Time since last request: 0.000286 seconds.
  path: Assets/Imported/New/warped city files/SPRITES/misc/turret/turret-3.png
  artifactKey: Guid(39cf06ca19ef4c74abd514b6d94d277f) Importer(815301076,1909f56bfc062723c751e8b465ee728b)
Start importing Assets/Imported/New/warped city files/SPRITES/misc/turret/turret-3.png using Guid(39cf06ca19ef4c74abd514b6d94d277f) Importer(815301076,1909f56bfc062723c751e8b465ee728b)  -> (artifact id: '3b39fe8ade6e29d389c10f0af4c946cf') in 0.042071 seconds 
  Import took 0.058071 seconds .

========================================================================
Received Import Request.
  Time since last request: 0.000402 seconds.
  path: Assets/Imported/New/warped city files/SPRITES/misc/turret/turret-4.png
  artifactKey: Guid(a44fd850cdc16714fb9b1fcb28d7d4f8) Importer(815301076,1909f56bfc062723c751e8b465ee728b)
Start importing Assets/Imported/New/warped city files/SPRITES/misc/turret/turret-4.png using Guid(a44fd850cdc16714fb9b1fcb28d7d4f8) Importer(815301076,1909f56bfc062723c751e8b465ee728b)  -> (artifact id: '62125d064ec18bb9dc5b1d49ca364619') in 0.040814 seconds 
  Import took 0.051408 seconds .

========================================================================
Received Import Request.
  Time since last request: 0.000298 seconds.
  path: Assets/Imported/New/warped city files/SPRITES/misc/turret/turret-6.png
  artifactKey: Guid(01ddf220d37b81e438e16e9b09c9e6e7) Importer(815301076,1909f56bfc062723c751e8b465ee728b)
Start importing Assets/Imported/New/warped city files/SPRITES/misc/turret/turret-6.png using Guid(01ddf220d37b81e438e16e9b09c9e6e7) Importer(815301076,1909f56bfc062723c751e8b465ee728b)  -> (artifact id: '4c46b6e976b27d6dc8a8d55013f6829e') in 0.050880 seconds 
  Import took 0.068689 seconds .

========================================================================
Received Import Request.
  Time since last request: 0.000262 seconds.
  path: Assets/Imported/New/warped city files/SPRITES/misc/turret/turret-2.png
  artifactKey: Guid(2ba452692044fb04ea9eddb25ea45d3f) Importer(815301076,1909f56bfc062723c751e8b465ee728b)
Start importing Assets/Imported/New/warped city files/SPRITES/misc/turret/turret-2.png using Guid(2ba452692044fb04ea9eddb25ea45d3f) Importer(815301076,1909f56bfc062723c751e8b465ee728b)  -> (artifact id: '4e9a4cd3c38b7eb35347f7ee13a48eb4') in 0.034049 seconds 
  Import took 0.038410 seconds .

========================================================================
Received Import Request.
  Time since last request: 0.000280 seconds.
  path: Assets/Imported/New/warped city files/SPRITES/misc/turret/turret-5.png
  artifactKey: Guid(0f49ed421b4c47b409399ede274bc3d9) Importer(815301076,1909f56bfc062723c751e8b465ee728b)
Start importing Assets/Imported/New/warped city files/SPRITES/misc/turret/turret-5.png using Guid(0f49ed421b4c47b409399ede274bc3d9) Importer(815301076,1909f56bfc062723c751e8b465ee728b)  -> (artifact id: '87eeea170c603ab7c4b1db9a0ed9b62b') in 0.045123 seconds 
  Import took 0.048907 seconds .

========================================================================
Received Import Request.
  Time since last request: 4.530593 seconds.
  path: Assets/Imported/New/warped city files/SPRITES/vehicles/v-police.png
  artifactKey: Guid(93f337d3a629ced458a322d887095003) Importer(815301076,1909f56bfc062723c751e8b465ee728b)
Start importing Assets/Imported/New/warped city files/SPRITES/vehicles/v-police.png using Guid(93f337d3a629ced458a322d887095003) Importer(815301076,1909f56bfc062723c751e8b465ee728b)  -> (artifact id: '856bfa8eb51849c4da2c496786177afc') in 0.061018 seconds 
  Import took 0.077121 seconds .

========================================================================
Received Import Request.
  Time since last request: 0.000313 seconds.
  path: Assets/Imported/New/warped city files/SPRITES/vehicles/v-truck.png
  artifactKey: Guid(7cfd7b3c3cc556042b08b38ddb2ad9e2) Importer(815301076,1909f56bfc062723c751e8b465ee728b)
Start importing Assets/Imported/New/warped city files/SPRITES/vehicles/v-truck.png using Guid(7cfd7b3c3cc556042b08b38ddb2ad9e2) Importer(815301076,1909f56bfc062723c751e8b465ee728b)  -> (artifact id: '1bce785c8dec28659171999f6e00a7ae') in 0.041357 seconds 
  Import took 0.045331 seconds .

========================================================================
Received Import Request.
  Time since last request: 0.000319 seconds.
  path: Assets/Imported/New/warped city files/SPRITES/vehicles/v-red.png
  artifactKey: Guid(7b8f9fe81925cfe4ab2dff011619a85f) Importer(815301076,1909f56bfc062723c751e8b465ee728b)
Start importing Assets/Imported/New/warped city files/SPRITES/vehicles/v-red.png using Guid(7b8f9fe81925cfe4ab2dff011619a85f) Importer(815301076,1909f56bfc062723c751e8b465ee728b)  -> (artifact id: '71b2c640c4dca2b3c0acf7dd02765ef7') in 0.057249 seconds 
  Import took 0.074523 seconds .

========================================================================
Received Import Request.
  Time since last request: 0.000269 seconds.
  path: Assets/Imported/New/warped city files/SPRITES/vehicles/v-yellow.png
  artifactKey: Guid(07f777126c252ee468dd82e5a5a527db) Importer(815301076,1909f56bfc062723c751e8b465ee728b)
Start importing Assets/Imported/New/warped city files/SPRITES/vehicles/v-yellow.png using Guid(07f777126c252ee468dd82e5a5a527db) Importer(815301076,1909f56bfc062723c751e8b465ee728b)  -> (artifact id: '75117e389838eebbf8c75f1e4da044c5') in 0.082010 seconds 
  Import took 0.100291 seconds .

========================================================================
Received Import Request.
  Time since last request: 4.977148 seconds.
  path: Assets/Imported/New/cyberpunk city 2 files/Environmet
  artifactKey: Guid(190dfe1a8b395ba4784a02b14f5e94ac) Importer(815301076,1909f56bfc062723c751e8b465ee728b)
Start importing Assets/Imported/New/cyberpunk city 2 files/Environmet using Guid(190dfe1a8b395ba4784a02b14f5e94ac) Importer(815301076,1909f56bfc062723c751e8b465ee728b)  -> (artifact id: '37910c6272849a056bcfb81141b749af') in 0.008643 seconds 
  Import took 0.019781 seconds .

========================================================================
Received Prepare
Registering precompiled user dll's ...
Registered in 0.006123 seconds.
Begin MonoManager ReloadAssembly
Native extension for WindowsStandalone target not found
Refreshing native plugins compatible for Editor in 0.71 ms, found 3 plugins.
Preloading 0 native plugins for Editor in 0.00 ms.
Mono: successfully reloaded assembly
- Completed reload, in  2.638 seconds
Domain Reload Profiling:
	ReloadAssembly (2638ms)
		BeginReloadAssembly (194ms)
			ExecutionOrderSort (0ms)
			DisableScriptedObjects (9ms)
			BackupInstance (0ms)
			ReleaseScriptingObjects (0ms)
			CreateAndSetChildDomain (83ms)
		EndReloadAssembly (2348ms)
			LoadAssemblies (141ms)
			RebuildTransferFunctionScriptingTraits (0ms)
			SetupTypeCache (406ms)
			ReleaseScriptCaches (1ms)
			RebuildScriptCaches (68ms)
			SetupLoadedEditorAssemblies (1539ms)
				LogAssemblyErrors (0ms)
				InitializePlatformSupportModulesInManaged (7ms)
				SetLoadedEditorAssemblies (1ms)
				RefreshPlugins (1ms)
				BeforeProcessingInitializeOnLoad (116ms)
				ProcessInitializeOnLoadAttributes (1390ms)
				ProcessInitializeOnLoadMethodAttributes (14ms)
				AfterProcessingInitializeOnLoad (11ms)
				EditorAssembliesLoaded (0ms)
			ExecutionOrderSort2 (0ms)
			AwakeInstancesAfterBackupRestoration (11ms)
Platform modules already initialized, skipping
Switching build target platform(19) subTarget(0) extendedPlatform(0) -> platform(13) subTarget(537395200) extendedPlatform(0)
Refreshing native plugins compatible for Editor in 0.79 ms, found 3 plugins.
Preloading 0 native plugins for Editor in 0.00 ms.
Unloading 2290 Unused Serialized files (Serialized files now loaded: 0)
System memory in use before: 102.2 MB.
System memory in use after: 102.4 MB.

Unloading 18 unused Assets to reduce memory usage. Loaded Objects now: 2774.
Total: 4.265500 ms (FindLiveObjects: 0.226900 ms CreateObjectMapping: 0.130600 ms MarkObjects: 3.874000 ms  DeleteObjects: 0.032200 ms)

AssetImportParameters requested are different than current active one (requested -> active):
  custom:framework-win-MediaFoundation: 216162199b28c13a410421893ffa2e32 -> 
  custom:video-decoder-ogg-theora: a1e56fd34408186e4bbccfd4996cb3dc -> 
  custom:container-muxer-webm: aa71ff27fc2769a1b78a27578f13a17b -> 
  custom:container-demuxer-webm: 4f35f7cbe854078d1ac9338744f61a02 -> 
  custom:container-demuxer-ogg: 62fdf1f143b41e24485cea50d1cbac27 -> 
  custom:video-encoder-webm-vp8: eb34c28f22e8b96e1ab97ce403110664 -> 
  custom:video-decoder-webm-vp8: 9c59270c3fd7afecdb556c50c9e8de78 -> 
  custom:graphics/normal-map-encoding: 01000000000000000000000000000000 -> 02000000000000000000000000000000
  custom:audio-decoder-ogg-vorbis: bf7c407c2cedff20999df2af8eb42d56 -> 
  custom:audio-encoder-webm-vorbis: bf7c407c2cedff20999df2af8eb42d56 -> 
========================================================================
Received Import Request.
  Time since last request: 100.499858 seconds.
  path: ProjectSettings/TagManager.asset
  artifactKey: Guid(00000000000000003000000000000000) Importer(815301076,1909f56bfc062723c751e8b465ee728b)
Start importing ProjectSettings/TagManager.asset using Guid(00000000000000003000000000000000) Importer(815301076,1909f56bfc062723c751e8b465ee728b)  -> (artifact id: '28bb6e6a439f346f58186333fd6bea60') in 0.025859 seconds 
  Import took 0.030887 seconds .

========================================================================
Received Prepare
Registering precompiled user dll's ...
Registered in 0.005753 seconds.
Begin MonoManager ReloadAssembly
Native extension for WindowsStandalone target not found
Refreshing native plugins compatible for Editor in 0.73 ms, found 3 plugins.
Preloading 0 native plugins for Editor in 0.00 ms.
Mono: successfully reloaded assembly
- Completed reload, in  2.546 seconds
Domain Reload Profiling:
	ReloadAssembly (2547ms)
		BeginReloadAssembly (175ms)
			ExecutionOrderSort (0ms)
			DisableScriptedObjects (9ms)
			BackupInstance (0ms)
			ReleaseScriptingObjects (0ms)
			CreateAndSetChildDomain (73ms)
		EndReloadAssembly (2288ms)
			LoadAssemblies (125ms)
			RebuildTransferFunctionScriptingTraits (0ms)
			SetupTypeCache (386ms)
			ReleaseScriptCaches (1ms)
			RebuildScriptCaches (62ms)
			SetupLoadedEditorAssemblies (1511ms)
				LogAssemblyErrors (0ms)
				InitializePlatformSupportModulesInManaged (6ms)
				SetLoadedEditorAssemblies (1ms)
				RefreshPlugins (1ms)
				BeforeProcessingInitializeOnLoad (109ms)
				ProcessInitializeOnLoadAttributes (1368ms)
				ProcessInitializeOnLoadMethodAttributes (14ms)
				AfterProcessingInitializeOnLoad (12ms)
				EditorAssembliesLoaded (0ms)
			ExecutionOrderSort2 (0ms)
			AwakeInstancesAfterBackupRestoration (11ms)
Platform modules already initialized, skipping
Switching build target platform(19) subTarget(0) extendedPlatform(0) -> platform(13) subTarget(537395200) extendedPlatform(0)
Refreshing native plugins compatible for Editor in 0.79 ms, found 3 plugins.
Preloading 0 native plugins for Editor in 0.00 ms.
Unloading 2290 Unused Serialized files (Serialized files now loaded: 0)
System memory in use before: 102.3 MB.
System memory in use after: 102.5 MB.

Unloading 19 unused Assets to reduce memory usage. Loaded Objects now: 2776.
Total: 4.228900 ms (FindLiveObjects: 0.342400 ms CreateObjectMapping: 0.113900 ms MarkObjects: 3.749600 ms  DeleteObjects: 0.021200 ms)

AssetImportParameters requested are different than current active one (requested -> active):
  custom:framework-win-MediaFoundation: 216162199b28c13a410421893ffa2e32 -> 
  custom:video-decoder-ogg-theora: a1e56fd34408186e4bbccfd4996cb3dc -> 
  custom:container-muxer-webm: aa71ff27fc2769a1b78a27578f13a17b -> 
  custom:container-demuxer-webm: 4f35f7cbe854078d1ac9338744f61a02 -> 
  custom:container-demuxer-ogg: 62fdf1f143b41e24485cea50d1cbac27 -> 
  custom:video-encoder-webm-vp8: eb34c28f22e8b96e1ab97ce403110664 -> 
  custom:video-decoder-webm-vp8: 9c59270c3fd7afecdb556c50c9e8de78 -> 
  custom:graphics/normal-map-encoding: 01000000000000000000000000000000 -> 02000000000000000000000000000000
  custom:audio-decoder-ogg-vorbis: bf7c407c2cedff20999df2af8eb42d56 -> 
  custom:audio-encoder-webm-vorbis: bf7c407c2cedff20999df2af8eb42d56 -> 
========================================================================
Received Import Request.
  Time since last request: 180.917518 seconds.
  path: Assets
  artifactKey: Guid(00000000000000001000000000000000) Importer(815301076,1909f56bfc062723c751e8b465ee728b)
Start importing Assets using Guid(00000000000000001000000000000000) Importer(815301076,1909f56bfc062723c751e8b465ee728b)  -> (artifact id: '42d402b061de3733987d63b9cc3b64de') in 0.016073 seconds 
  Import took 0.030337 seconds .

========================================================================
Received Import Request.
  Time since last request: 5.005200 seconds.
  path: Assets/Explosion.prefab
  artifactKey: Guid(3d40edec0b377424fa386ee5c995ce20) Importer(815301076,1909f56bfc062723c751e8b465ee728b)
Start importing Assets/Explosion.prefab using Guid(3d40edec0b377424fa386ee5c995ce20) Importer(815301076,1909f56bfc062723c751e8b465ee728b)  -> (artifact id: '8a5597c1da1cfa75fee6a79f6841f898') in 0.083848 seconds 
  Import took 0.089000 seconds .

========================================================================
Received Import Request.
  Time since last request: 39.436921 seconds.
  path: Assets/Enemy.cs
  artifactKey: Guid(cce13269855859a448084ec6c6958ebf) Importer(815301076,1909f56bfc062723c751e8b465ee728b)
Start importing Assets/Enemy.cs using Guid(cce13269855859a448084ec6c6958ebf) Importer(815301076,1909f56bfc062723c751e8b465ee728b)  -> (artifact id: '30b91cc574dbc4817af46805c58d8610') in 0.009170 seconds 
  Import took 0.024115 seconds .

========================================================================
Received Import Request.
  Time since last request: 32.060325 seconds.
  path: Assets/Enemy.cs
  artifactKey: Guid(cce13269855859a448084ec6c6958ebf) Importer(815301076,1909f56bfc062723c751e8b465ee728b)
Start importing Assets/Enemy.cs using Guid(cce13269855859a448084ec6c6958ebf) Importer(815301076,1909f56bfc062723c751e8b465ee728b)  -> (artifact id: '80107dd08816586779b57cfe007428da') in 0.006916 seconds 
  Import took 0.011709 seconds .

========================================================================
Received Import Request.
  Time since last request: 9.323769 seconds.
  path: Assets/EnemyTest.cs
  artifactKey: Guid(cce13269855859a448084ec6c6958ebf) Importer(815301076,1909f56bfc062723c751e8b465ee728b)
Start importing Assets/EnemyTest.cs using Guid(cce13269855859a448084ec6c6958ebf) Importer(815301076,1909f56bfc062723c751e8b465ee728b)  -> (artifact id: '8d46cf39c4280f79230da12f4993e7b2') in 0.025575 seconds 
  Import took 0.045707 seconds .

========================================================================
Received Prepare
Registering precompiled user dll's ...
Registered in 0.147424 seconds.
Begin MonoManager ReloadAssembly
Native extension for WindowsStandalone target not found
Refreshing native plugins compatible for Editor in 1.08 ms, found 3 plugins.
Preloading 0 native plugins for Editor in 0.00 ms.
Mono: successfully reloaded assembly
- Completed reload, in  3.102 seconds
Domain Reload Profiling:
	ReloadAssembly (3102ms)
		BeginReloadAssembly (209ms)
			ExecutionOrderSort (0ms)
			DisableScriptedObjects (9ms)
			BackupInstance (0ms)
			ReleaseScriptingObjects (0ms)
			CreateAndSetChildDomain (80ms)
		EndReloadAssembly (2791ms)
			LoadAssemblies (164ms)
			RebuildTransferFunctionScriptingTraits (0ms)
			SetupTypeCache (487ms)
			ReleaseScriptCaches (1ms)
			RebuildScriptCaches (72ms)
			SetupLoadedEditorAssemblies (1821ms)
				LogAssemblyErrors (0ms)
				InitializePlatformSupportModulesInManaged (7ms)
				SetLoadedEditorAssemblies (1ms)
				RefreshPlugins (1ms)
				BeforeProcessingInitializeOnLoad (132ms)
				ProcessInitializeOnLoadAttributes (1650ms)
				ProcessInitializeOnLoadMethodAttributes (16ms)
				AfterProcessingInitializeOnLoad (13ms)
				EditorAssembliesLoaded (0ms)
			ExecutionOrderSort2 (0ms)
			AwakeInstancesAfterBackupRestoration (13ms)
Platform modules already initialized, skipping
Switching build target platform(19) subTarget(0) extendedPlatform(0) -> platform(13) subTarget(537395200) extendedPlatform(0)
Refreshing native plugins compatible for Editor in 1.07 ms, found 3 plugins.
Preloading 0 native plugins for Editor in 0.00 ms.
Unloading 2291 Unused Serialized files (Serialized files now loaded: 0)
System memory in use before: 102.3 MB.
System memory in use after: 102.5 MB.

Unloading 18 unused Assets to reduce memory usage. Loaded Objects now: 2780.
Total: 4.603400 ms (FindLiveObjects: 0.288300 ms CreateObjectMapping: 0.174400 ms MarkObjects: 4.113500 ms  DeleteObjects: 0.025600 ms)

AssetImportParameters requested are different than current active one (requested -> active):
  custom:framework-win-MediaFoundation: 216162199b28c13a410421893ffa2e32 -> 
  custom:video-decoder-ogg-theora: a1e56fd34408186e4bbccfd4996cb3dc -> 
  custom:container-muxer-webm: aa71ff27fc2769a1b78a27578f13a17b -> 
  custom:container-demuxer-webm: 4f35f7cbe854078d1ac9338744f61a02 -> 
  custom:container-demuxer-ogg: 62fdf1f143b41e24485cea50d1cbac27 -> 
  custom:video-encoder-webm-vp8: eb34c28f22e8b96e1ab97ce403110664 -> 
  custom:video-decoder-webm-vp8: 9c59270c3fd7afecdb556c50c9e8de78 -> 
  custom:graphics/normal-map-encoding: 01000000000000000000000000000000 -> 02000000000000000000000000000000
  custom:audio-decoder-ogg-vorbis: bf7c407c2cedff20999df2af8eb42d56 -> 
  custom:audio-encoder-webm-vorbis: bf7c407c2cedff20999df2af8eb42d56 -> 
========================================================================
Received Import Request.
  Time since last request: 39.081507 seconds.
  path: Assets/EnemyTestt.cs
  artifactKey: Guid(cce13269855859a448084ec6c6958ebf) Importer(815301076,1909f56bfc062723c751e8b465ee728b)
Start importing Assets/EnemyTestt.cs using Guid(cce13269855859a448084ec6c6958ebf) Importer(815301076,1909f56bfc062723c751e8b465ee728b)  -> (artifact id: 'aaa495403378864b1fa2e66879e8f211') in 0.026318 seconds 
  Import took 0.050714 seconds .

========================================================================
Received Prepare
Registering precompiled user dll's ...
Registered in 0.008294 seconds.
Begin MonoManager ReloadAssembly
Native extension for WindowsStandalone target not found
Refreshing native plugins compatible for Editor in 0.71 ms, found 3 plugins.
Preloading 0 native plugins for Editor in 0.00 ms.
Mono: successfully reloaded assembly
- Completed reload, in  3.007 seconds
Domain Reload Profiling:
	ReloadAssembly (3008ms)
		BeginReloadAssembly (241ms)
			ExecutionOrderSort (0ms)
			DisableScriptedObjects (9ms)
			BackupInstance (0ms)
			ReleaseScriptingObjects (0ms)
			CreateAndSetChildDomain (103ms)
		EndReloadAssembly (2663ms)
			LoadAssemblies (166ms)
			RebuildTransferFunctionScriptingTraits (0ms)
			SetupTypeCache (457ms)
			ReleaseScriptCaches (1ms)
			RebuildScriptCaches (59ms)
			SetupLoadedEditorAssemblies (1785ms)
				LogAssemblyErrors (0ms)
				InitializePlatformSupportModulesInManaged (6ms)
				SetLoadedEditorAssemblies (1ms)
				RefreshPlugins (1ms)
				BeforeProcessingInitializeOnLoad (111ms)
				ProcessInitializeOnLoadAttributes (1628ms)
				ProcessInitializeOnLoadMethodAttributes (25ms)
				AfterProcessingInitializeOnLoad (13ms)
				EditorAssembliesLoaded (0ms)
			ExecutionOrderSort2 (0ms)
			AwakeInstancesAfterBackupRestoration (12ms)
Platform modules already initialized, skipping
Switching build target platform(19) subTarget(0) extendedPlatform(0) -> platform(13) subTarget(537395200) extendedPlatform(0)
Refreshing native plugins compatible for Editor in 0.74 ms, found 3 plugins.
Preloading 0 native plugins for Editor in 0.00 ms.
Unloading 2291 Unused Serialized files (Serialized files now loaded: 0)
System memory in use before: 102.3 MB.
System memory in use after: 102.5 MB.

Unloading 18 unused Assets to reduce memory usage. Loaded Objects now: 2782.
Total: 3.706500 ms (FindLiveObjects: 0.246000 ms CreateObjectMapping: 0.102000 ms MarkObjects: 3.335900 ms  DeleteObjects: 0.020900 ms)

AssetImportParameters requested are different than current active one (requested -> active):
  custom:framework-win-MediaFoundation: 216162199b28c13a410421893ffa2e32 -> 
  custom:video-decoder-ogg-theora: a1e56fd34408186e4bbccfd4996cb3dc -> 
  custom:container-muxer-webm: aa71ff27fc2769a1b78a27578f13a17b -> 
  custom:container-demuxer-webm: 4f35f7cbe854078d1ac9338744f61a02 -> 
  custom:container-demuxer-ogg: 62fdf1f143b41e24485cea50d1cbac27 -> 
  custom:video-encoder-webm-vp8: eb34c28f22e8b96e1ab97ce403110664 -> 
  custom:video-decoder-webm-vp8: 9c59270c3fd7afecdb556c50c9e8de78 -> 
  custom:graphics/normal-map-encoding: 01000000000000000000000000000000 -> 02000000000000000000000000000000
  custom:audio-decoder-ogg-vorbis: bf7c407c2cedff20999df2af8eb42d56 -> 
  custom:audio-encoder-webm-vorbis: bf7c407c2cedff20999df2af8eb42d56 -> 
========================================================================
Received Import Request.
  Time since last request: 13.785991 seconds.
  path: Assets/EnemyTestt.cs
  artifactKey: Guid(cce13269855859a448084ec6c6958ebf) Importer(815301076,1909f56bfc062723c751e8b465ee728b)
Start importing Assets/EnemyTestt.cs using Guid(cce13269855859a448084ec6c6958ebf) Importer(815301076,1909f56bfc062723c751e8b465ee728b)  -> (artifact id: 'ab03e6568c3cfa357ac76d2f5bfca5c2') in 0.011026 seconds 
  Import took 0.016953 seconds .

========================================================================
Received Prepare
Registering precompiled user dll's ...
Registered in 0.006836 seconds.
Begin MonoManager ReloadAssembly
Native extension for WindowsStandalone target not found
Refreshing native plugins compatible for Editor in 0.73 ms, found 3 plugins.
Preloading 0 native plugins for Editor in 0.00 ms.
Mono: successfully reloaded assembly
- Completed reload, in  2.680 seconds
Domain Reload Profiling:
	ReloadAssembly (2681ms)
		BeginReloadAssembly (183ms)
			ExecutionOrderSort (0ms)
			DisableScriptedObjects (9ms)
			BackupInstance (0ms)
			ReleaseScriptingObjects (0ms)
			CreateAndSetChildDomain (76ms)
		EndReloadAssembly (2404ms)
			LoadAssemblies (132ms)
			RebuildTransferFunctionScriptingTraits (0ms)
			SetupTypeCache (388ms)
			ReleaseScriptCaches (1ms)
			RebuildScriptCaches (64ms)
			SetupLoadedEditorAssemblies (1581ms)
				LogAssemblyErrors (0ms)
				InitializePlatformSupportModulesInManaged (6ms)
				SetLoadedEditorAssemblies (1ms)
				RefreshPlugins (1ms)
				BeforeProcessingInitializeOnLoad (113ms)
				ProcessInitializeOnLoadAttributes (1433ms)
				ProcessInitializeOnLoadMethodAttributes (15ms)
				AfterProcessingInitializeOnLoad (13ms)
				EditorAssembliesLoaded (0ms)
			ExecutionOrderSort2 (0ms)
			AwakeInstancesAfterBackupRestoration (12ms)
Platform modules already initialized, skipping
Switching build target platform(19) subTarget(0) extendedPlatform(0) -> platform(13) subTarget(537395200) extendedPlatform(0)
Refreshing native plugins compatible for Editor in 0.79 ms, found 3 plugins.
Preloading 0 native plugins for Editor in 0.00 ms.
Unloading 2291 Unused Serialized files (Serialized files now loaded: 0)
System memory in use before: 102.3 MB.
System memory in use after: 102.5 MB.

Unloading 18 unused Assets to reduce memory usage. Loaded Objects now: 2784.
Total: 5.123700 ms (FindLiveObjects: 0.247100 ms CreateObjectMapping: 0.114000 ms MarkObjects: 4.737100 ms  DeleteObjects: 0.024000 ms)

AssetImportParameters requested are different than current active one (requested -> active):
  custom:framework-win-MediaFoundation: 216162199b28c13a410421893ffa2e32 -> 
  custom:video-decoder-ogg-theora: a1e56fd34408186e4bbccfd4996cb3dc -> 
  custom:container-muxer-webm: aa71ff27fc2769a1b78a27578f13a17b -> 
  custom:container-demuxer-webm: 4f35f7cbe854078d1ac9338744f61a02 -> 
  custom:container-demuxer-ogg: 62fdf1f143b41e24485cea50d1cbac27 -> 
  custom:video-encoder-webm-vp8: eb34c28f22e8b96e1ab97ce403110664 -> 
  custom:video-decoder-webm-vp8: 9c59270c3fd7afecdb556c50c9e8de78 -> 
  custom:graphics/normal-map-encoding: 01000000000000000000000000000000 -> 02000000000000000000000000000000
  custom:audio-decoder-ogg-vorbis: bf7c407c2cedff20999df2af8eb42d56 -> 
  custom:audio-encoder-webm-vorbis: bf7c407c2cedff20999df2af8eb42d56 -> 
========================================================================
Received Import Request.
  Time since last request: 11.028646 seconds.
  path: Assets/Enemy1.cs
  artifactKey: Guid(cce13269855859a448084ec6c6958ebf) Importer(815301076,1909f56bfc062723c751e8b465ee728b)
Start importing Assets/Enemy1.cs using Guid(cce13269855859a448084ec6c6958ebf) Importer(815301076,1909f56bfc062723c751e8b465ee728b)  -> (artifact id: 'f93275d534c20ca27061ea8d4e9bc19e') in 0.033473 seconds 
  Import took 0.057911 seconds .

========================================================================
Received Prepare
Registering precompiled user dll's ...
Registered in 0.006296 seconds.
Begin MonoManager ReloadAssembly
Native extension for WindowsStandalone target not found
Refreshing native plugins compatible for Editor in 0.79 ms, found 3 plugins.
Preloading 0 native plugins for Editor in 0.00 ms.
Mono: successfully reloaded assembly
- Completed reload, in  2.678 seconds
Domain Reload Profiling:
	ReloadAssembly (2678ms)
		BeginReloadAssembly (215ms)
			ExecutionOrderSort (0ms)
			DisableScriptedObjects (10ms)
			BackupInstance (0ms)
			ReleaseScriptingObjects (0ms)
			CreateAndSetChildDomain (101ms)
		EndReloadAssembly (2377ms)
			LoadAssemblies (131ms)
			RebuildTransferFunctionScriptingTraits (0ms)
			SetupTypeCache (390ms)
			ReleaseScriptCaches (1ms)
			RebuildScriptCaches (64ms)
			SetupLoadedEditorAssemblies (1544ms)
				LogAssemblyErrors (0ms)
				InitializePlatformSupportModulesInManaged (6ms)
				SetLoadedEditorAssemblies (1ms)
				RefreshPlugins (1ms)
				BeforeProcessingInitializeOnLoad (112ms)
				ProcessInitializeOnLoadAttributes (1399ms)
				ProcessInitializeOnLoadMethodAttributes (14ms)
				AfterProcessingInitializeOnLoad (11ms)
				EditorAssembliesLoaded (0ms)
			ExecutionOrderSort2 (0ms)
			AwakeInstancesAfterBackupRestoration (12ms)
Platform modules already initialized, skipping
Switching build target platform(19) subTarget(0) extendedPlatform(0) -> platform(13) subTarget(537395200) extendedPlatform(0)
Refreshing native plugins compatible for Editor in 0.73 ms, found 3 plugins.
Preloading 0 native plugins for Editor in 0.00 ms.
Unloading 2291 Unused Serialized files (Serialized files now loaded: 0)
System memory in use before: 102.2 MB.
System memory in use after: 102.4 MB.

Unloading 18 unused Assets to reduce memory usage. Loaded Objects now: 2786.
Total: 3.839200 ms (FindLiveObjects: 0.240800 ms CreateObjectMapping: 0.105900 ms MarkObjects: 3.468900 ms  DeleteObjects: 0.021400 ms)

AssetImportParameters requested are different than current active one (requested -> active):
  custom:framework-win-MediaFoundation: 216162199b28c13a410421893ffa2e32 -> 
  custom:video-decoder-ogg-theora: a1e56fd34408186e4bbccfd4996cb3dc -> 
  custom:container-muxer-webm: aa71ff27fc2769a1b78a27578f13a17b -> 
  custom:container-demuxer-webm: 4f35f7cbe854078d1ac9338744f61a02 -> 
  custom:container-demuxer-ogg: 62fdf1f143b41e24485cea50d1cbac27 -> 
  custom:video-encoder-webm-vp8: eb34c28f22e8b96e1ab97ce403110664 -> 
  custom:video-decoder-webm-vp8: 9c59270c3fd7afecdb556c50c9e8de78 -> 
  custom:graphics/normal-map-encoding: 01000000000000000000000000000000 -> 02000000000000000000000000000000
  custom:audio-decoder-ogg-vorbis: bf7c407c2cedff20999df2af8eb42d56 -> 
  custom:audio-encoder-webm-vorbis: bf7c407c2cedff20999df2af8eb42d56 -> 
========================================================================
Received Prepare
Registering precompiled user dll's ...
Registered in 0.005584 seconds.
Begin MonoManager ReloadAssembly
Native extension for WindowsStandalone target not found
Refreshing native plugins compatible for Editor in 0.76 ms, found 3 plugins.
Preloading 0 native plugins for Editor in 0.00 ms.
Mono: successfully reloaded assembly
- Completed reload, in  2.942 seconds
Domain Reload Profiling:
	ReloadAssembly (2942ms)
		BeginReloadAssembly (194ms)
			ExecutionOrderSort (0ms)
			DisableScriptedObjects (8ms)
			BackupInstance (0ms)
			ReleaseScriptingObjects (0ms)
			CreateAndSetChildDomain (79ms)
		EndReloadAssembly (2658ms)
			LoadAssemblies (131ms)
			RebuildTransferFunctionScriptingTraits (0ms)
			SetupTypeCache (418ms)
			ReleaseScriptCaches (1ms)
			RebuildScriptCaches (60ms)
			SetupLoadedEditorAssemblies (1756ms)
				LogAssemblyErrors (0ms)
				InitializePlatformSupportModulesInManaged (7ms)
				SetLoadedEditorAssemblies (1ms)
				RefreshPlugins (1ms)
				BeforeProcessingInitializeOnLoad (147ms)
				ProcessInitializeOnLoadAttributes (1566ms)
				ProcessInitializeOnLoadMethodAttributes (18ms)
				AfterProcessingInitializeOnLoad (16ms)
				EditorAssembliesLoaded (0ms)
			ExecutionOrderSort2 (0ms)
			AwakeInstancesAfterBackupRestoration (13ms)
Platform modules already initialized, skipping
Switching build target platform(19) subTarget(0) extendedPlatform(0) -> platform(13) subTarget(537395200) extendedPlatform(0)
Refreshing native plugins compatible for Editor in 0.99 ms, found 3 plugins.
Preloading 0 native plugins for Editor in 0.00 ms.
Unloading 2291 Unused Serialized files (Serialized files now loaded: 0)
System memory in use before: 102.3 MB.
System memory in use after: 102.6 MB.

Unloading 18 unused Assets to reduce memory usage. Loaded Objects now: 2788.
Total: 4.133400 ms (FindLiveObjects: 0.294700 ms CreateObjectMapping: 0.166900 ms MarkObjects: 3.647500 ms  DeleteObjects: 0.022700 ms)

AssetImportParameters requested are different than current active one (requested -> active):
  custom:framework-win-MediaFoundation: 216162199b28c13a410421893ffa2e32 -> 
  custom:video-decoder-ogg-theora: a1e56fd34408186e4bbccfd4996cb3dc -> 
  custom:container-muxer-webm: aa71ff27fc2769a1b78a27578f13a17b -> 
  custom:container-demuxer-webm: 4f35f7cbe854078d1ac9338744f61a02 -> 
  custom:container-demuxer-ogg: 62fdf1f143b41e24485cea50d1cbac27 -> 
  custom:video-encoder-webm-vp8: eb34c28f22e8b96e1ab97ce403110664 -> 
  custom:video-decoder-webm-vp8: 9c59270c3fd7afecdb556c50c9e8de78 -> 
  custom:graphics/normal-map-encoding: 01000000000000000000000000000000 -> 02000000000000000000000000000000
  custom:audio-decoder-ogg-vorbis: bf7c407c2cedff20999df2af8eb42d56 -> 
  custom:audio-encoder-webm-vorbis: bf7c407c2cedff20999df2af8eb42d56 -> 
========================================================================
Received Prepare
Registering precompiled user dll's ...
Registered in 0.005535 seconds.
Begin MonoManager ReloadAssembly
Native extension for WindowsStandalone target not found
Refreshing native plugins compatible for Editor in 0.77 ms, found 3 plugins.
Preloading 0 native plugins for Editor in 0.00 ms.
Mono: successfully reloaded assembly
- Completed reload, in  2.897 seconds
Domain Reload Profiling:
	ReloadAssembly (2898ms)
		BeginReloadAssembly (189ms)
			ExecutionOrderSort (0ms)
			DisableScriptedObjects (9ms)
			BackupInstance (0ms)
			ReleaseScriptingObjects (0ms)
			CreateAndSetChildDomain (74ms)
		EndReloadAssembly (2606ms)
			LoadAssemblies (136ms)
			RebuildTransferFunctionScriptingTraits (0ms)
			SetupTypeCache (407ms)
			ReleaseScriptCaches (1ms)
			RebuildScriptCaches (62ms)
			SetupLoadedEditorAssemblies (1690ms)
				LogAssemblyErrors (0ms)
				InitializePlatformSupportModulesInManaged (7ms)
				SetLoadedEditorAssemblies (1ms)
				RefreshPlugins (1ms)
				BeforeProcessingInitializeOnLoad (125ms)
				ProcessInitializeOnLoadAttributes (1530ms)
				ProcessInitializeOnLoadMethodAttributes (14ms)
				AfterProcessingInitializeOnLoad (12ms)
				EditorAssembliesLoaded (0ms)
			ExecutionOrderSort2 (0ms)
			AwakeInstancesAfterBackupRestoration (12ms)
Platform modules already initialized, skipping
Switching build target platform(19) subTarget(0) extendedPlatform(0) -> platform(13) subTarget(537395200) extendedPlatform(0)
Refreshing native plugins compatible for Editor in 0.96 ms, found 3 plugins.
Preloading 0 native plugins for Editor in 0.00 ms.
Unloading 2291 Unused Serialized files (Serialized files now loaded: 0)
System memory in use before: 102.3 MB.
System memory in use after: 102.6 MB.

Unloading 18 unused Assets to reduce memory usage. Loaded Objects now: 2790.
Total: 4.056400 ms (FindLiveObjects: 0.258400 ms CreateObjectMapping: 0.116800 ms MarkObjects: 3.645700 ms  DeleteObjects: 0.033800 ms)

AssetImportParameters requested are different than current active one (requested -> active):
  custom:framework-win-MediaFoundation: 216162199b28c13a410421893ffa2e32 -> 
  custom:video-decoder-ogg-theora: a1e56fd34408186e4bbccfd4996cb3dc -> 
  custom:container-muxer-webm: aa71ff27fc2769a1b78a27578f13a17b -> 
  custom:container-demuxer-webm: 4f35f7cbe854078d1ac9338744f61a02 -> 
  custom:container-demuxer-ogg: 62fdf1f143b41e24485cea50d1cbac27 -> 
  custom:video-encoder-webm-vp8: eb34c28f22e8b96e1ab97ce403110664 -> 
  custom:video-decoder-webm-vp8: 9c59270c3fd7afecdb556c50c9e8de78 -> 
  custom:graphics/normal-map-encoding: 01000000000000000000000000000000 -> 02000000000000000000000000000000
  custom:audio-decoder-ogg-vorbis: bf7c407c2cedff20999df2af8eb42d56 -> 
  custom:audio-encoder-webm-vorbis: bf7c407c2cedff20999df2af8eb42d56 -> 
========================================================================
Received Prepare
Registering precompiled user dll's ...
Registered in 0.005966 seconds.
Begin MonoManager ReloadAssembly
Native extension for WindowsStandalone target not found
Refreshing native plugins compatible for Editor in 0.74 ms, found 3 plugins.
Preloading 0 native plugins for Editor in 0.00 ms.
Mono: successfully reloaded assembly
- Completed reload, in  3.225 seconds
Domain Reload Profiling:
	ReloadAssembly (3226ms)
		BeginReloadAssembly (242ms)
			ExecutionOrderSort (0ms)
			DisableScriptedObjects (8ms)
			BackupInstance (0ms)
			ReleaseScriptingObjects (0ms)
			CreateAndSetChildDomain (131ms)
		EndReloadAssembly (2893ms)
			LoadAssemblies (129ms)
			RebuildTransferFunctionScriptingTraits (0ms)
			SetupTypeCache (431ms)
			ReleaseScriptCaches (1ms)
			RebuildScriptCaches (65ms)
			SetupLoadedEditorAssemblies (1922ms)
				LogAssemblyErrors (0ms)
				InitializePlatformSupportModulesInManaged (6ms)
				SetLoadedEditorAssemblies (1ms)
				RefreshPlugins (1ms)
				BeforeProcessingInitializeOnLoad (171ms)
				ProcessInitializeOnLoadAttributes (1702ms)
				ProcessInitializeOnLoadMethodAttributes (26ms)
				AfterProcessingInitializeOnLoad (16ms)
				EditorAssembliesLoaded (0ms)
			ExecutionOrderSort2 (0ms)
			AwakeInstancesAfterBackupRestoration (15ms)
Platform modules already initialized, skipping
Switching build target platform(19) subTarget(0) extendedPlatform(0) -> platform(13) subTarget(537395200) extendedPlatform(0)
Refreshing native plugins compatible for Editor in 0.75 ms, found 3 plugins.
Preloading 0 native plugins for Editor in 0.00 ms.
Unloading 2291 Unused Serialized files (Serialized files now loaded: 0)
System memory in use before: 102.3 MB.
System memory in use after: 102.6 MB.

Unloading 18 unused Assets to reduce memory usage. Loaded Objects now: 2792.
Total: 3.798900 ms (FindLiveObjects: 0.230700 ms CreateObjectMapping: 0.105200 ms MarkObjects: 3.439900 ms  DeleteObjects: 0.021600 ms)

AssetImportParameters requested are different than current active one (requested -> active):
  custom:framework-win-MediaFoundation: 216162199b28c13a410421893ffa2e32 -> 
  custom:video-decoder-ogg-theora: a1e56fd34408186e4bbccfd4996cb3dc -> 
  custom:container-muxer-webm: aa71ff27fc2769a1b78a27578f13a17b -> 
  custom:container-demuxer-webm: 4f35f7cbe854078d1ac9338744f61a02 -> 
  custom:container-demuxer-ogg: 62fdf1f143b41e24485cea50d1cbac27 -> 
  custom:video-encoder-webm-vp8: eb34c28f22e8b96e1ab97ce403110664 -> 
  custom:video-decoder-webm-vp8: 9c59270c3fd7afecdb556c50c9e8de78 -> 
  custom:graphics/normal-map-encoding: 01000000000000000000000000000000 -> 02000000000000000000000000000000
  custom:audio-decoder-ogg-vorbis: bf7c407c2cedff20999df2af8eb42d56 -> 
  custom:audio-encoder-webm-vorbis: bf7c407c2cedff20999df2af8eb42d56 -> 
========================================================================
Received Import Request.
  Time since last request: 176.565408 seconds.
  path: Assets/_Game/Scripts/Enemies/Enemy.cs
  artifactKey: Guid(63841fff54043824d974cfedc4e08300) Importer(815301076,1909f56bfc062723c751e8b465ee728b)
Start importing Assets/_Game/Scripts/Enemies/Enemy.cs using Guid(63841fff54043824d974cfedc4e08300) Importer(815301076,1909f56bfc062723c751e8b465ee728b)  -> (artifact id: 'd780d8205e2ffdb7fff7789d4f19f313') in 0.006931 seconds 
  Import took 0.021345 seconds .

========================================================================
Received Import Request.
  Time since last request: 50.412977 seconds.
  path: Assets/Enemy1.cs
  artifactKey: Guid(cce13269855859a448084ec6c6958ebf) Importer(815301076,1909f56bfc062723c751e8b465ee728b)
Start importing Assets/Enemy1.cs using Guid(cce13269855859a448084ec6c6958ebf) Importer(815301076,1909f56bfc062723c751e8b465ee728b)  -> (artifact id: '38565151cd8bd6ae53188eae20716da0') in 0.005251 seconds 
  Import took 0.010628 seconds .

========================================================================
Received Prepare
Registering precompiled user dll's ...
Registered in 0.142328 seconds.
Begin MonoManager ReloadAssembly
Native extension for WindowsStandalone target not found
Refreshing native plugins compatible for Editor in 0.80 ms, found 3 plugins.
Preloading 0 native plugins for Editor in 0.00 ms.
Mono: successfully reloaded assembly
- Completed reload, in  2.678 seconds
Domain Reload Profiling:
	ReloadAssembly (2679ms)
		BeginReloadAssembly (179ms)
			ExecutionOrderSort (0ms)
			DisableScriptedObjects (9ms)
			BackupInstance (0ms)
			ReleaseScriptingObjects (0ms)
			CreateAndSetChildDomain (74ms)
		EndReloadAssembly (2414ms)
			LoadAssemblies (124ms)
			RebuildTransferFunctionScriptingTraits (0ms)
			SetupTypeCache (399ms)
			ReleaseScriptCaches (1ms)
			RebuildScriptCaches (61ms)
			SetupLoadedEditorAssemblies (1521ms)
				LogAssemblyErrors (0ms)
				InitializePlatformSupportModulesInManaged (6ms)
				SetLoadedEditorAssemblies (1ms)
				RefreshPlugins (1ms)
				BeforeProcessingInitializeOnLoad (111ms)
				ProcessInitializeOnLoadAttributes (1377ms)
				ProcessInitializeOnLoadMethodAttributes (14ms)
				AfterProcessingInitializeOnLoad (12ms)
				EditorAssembliesLoaded (0ms)
			ExecutionOrderSort2 (0ms)
			AwakeInstancesAfterBackupRestoration (12ms)
Platform modules already initialized, skipping
Switching build target platform(19) subTarget(0) extendedPlatform(0) -> platform(13) subTarget(537395200) extendedPlatform(0)
Refreshing native plugins compatible for Editor in 0.72 ms, found 3 plugins.
Preloading 0 native plugins for Editor in 0.00 ms.
Unloading 2291 Unused Serialized files (Serialized files now loaded: 0)
System memory in use before: 102.3 MB.
System memory in use after: 102.6 MB.

Unloading 18 unused Assets to reduce memory usage. Loaded Objects now: 2794.
Total: 4.537800 ms (FindLiveObjects: 0.230500 ms CreateObjectMapping: 0.101500 ms MarkObjects: 4.170100 ms  DeleteObjects: 0.033900 ms)

AssetImportParameters requested are different than current active one (requested -> active):
  custom:framework-win-MediaFoundation: 216162199b28c13a410421893ffa2e32 -> 
  custom:video-decoder-ogg-theora: a1e56fd34408186e4bbccfd4996cb3dc -> 
  custom:container-muxer-webm: aa71ff27fc2769a1b78a27578f13a17b -> 
  custom:container-demuxer-webm: 4f35f7cbe854078d1ac9338744f61a02 -> 
  custom:container-demuxer-ogg: 62fdf1f143b41e24485cea50d1cbac27 -> 
  custom:video-encoder-webm-vp8: eb34c28f22e8b96e1ab97ce403110664 -> 
  custom:video-decoder-webm-vp8: 9c59270c3fd7afecdb556c50c9e8de78 -> 
  custom:graphics/normal-map-encoding: 01000000000000000000000000000000 -> 02000000000000000000000000000000
  custom:audio-decoder-ogg-vorbis: bf7c407c2cedff20999df2af8eb42d56 -> 
  custom:audio-encoder-webm-vorbis: bf7c407c2cedff20999df2af8eb42d56 -> 
========================================================================
Received Import Request.
  Time since last request: 56.423924 seconds.
  path: Assets/Enemy1.cs
  artifactKey: Guid(cce13269855859a448084ec6c6958ebf) Importer(815301076,1909f56bfc062723c751e8b465ee728b)
Start importing Assets/Enemy1.cs using Guid(cce13269855859a448084ec6c6958ebf) Importer(815301076,1909f56bfc062723c751e8b465ee728b)  -> (artifact id: '4e875455c73a6a32774deed9e6aa8c51') in 0.006666 seconds 
  Import took 0.011892 seconds .

========================================================================
Received Prepare
Registering precompiled user dll's ...
Registered in 0.006543 seconds.
Begin MonoManager ReloadAssembly
Native extension for WindowsStandalone target not found
Refreshing native plugins compatible for Editor in 0.73 ms, found 3 plugins.
Preloading 0 native plugins for Editor in 0.00 ms.
Mono: successfully reloaded assembly
- Completed reload, in  2.840 seconds
Domain Reload Profiling:
	ReloadAssembly (2841ms)
		BeginReloadAssembly (186ms)
			ExecutionOrderSort (0ms)
			DisableScriptedObjects (8ms)
			BackupInstance (0ms)
			ReleaseScriptingObjects (0ms)
			CreateAndSetChildDomain (71ms)
		EndReloadAssembly (2561ms)
			LoadAssemblies (133ms)
			RebuildTransferFunctionScriptingTraits (0ms)
			SetupTypeCache (396ms)
			ReleaseScriptCaches (1ms)
			RebuildScriptCaches (59ms)
			SetupLoadedEditorAssemblies (1653ms)
				LogAssemblyErrors (0ms)
				InitializePlatformSupportModulesInManaged (7ms)
				SetLoadedEditorAssemblies (1ms)
				RefreshPlugins (1ms)
				BeforeProcessingInitializeOnLoad (111ms)
				ProcessInitializeOnLoadAttributes (1508ms)
				ProcessInitializeOnLoadMethodAttributes (14ms)
				AfterProcessingInitializeOnLoad (12ms)
				EditorAssembliesLoaded (0ms)
			ExecutionOrderSort2 (0ms)
			AwakeInstancesAfterBackupRestoration (12ms)
Platform modules already initialized, skipping
Switching build target platform(19) subTarget(0) extendedPlatform(0) -> platform(13) subTarget(537395200) extendedPlatform(0)
Refreshing native plugins compatible for Editor in 0.80 ms, found 3 plugins.
Preloading 0 native plugins for Editor in 0.00 ms.
Unloading 2291 Unused Serialized files (Serialized files now loaded: 0)
System memory in use before: 102.3 MB.
System memory in use after: 102.5 MB.

Unloading 18 unused Assets to reduce memory usage. Loaded Objects now: 2796.
Total: 4.902500 ms (FindLiveObjects: 0.243300 ms CreateObjectMapping: 0.113500 ms MarkObjects: 4.519600 ms  DeleteObjects: 0.024000 ms)

AssetImportParameters requested are different than current active one (requested -> active):
  custom:framework-win-MediaFoundation: 216162199b28c13a410421893ffa2e32 -> 
  custom:video-decoder-ogg-theora: a1e56fd34408186e4bbccfd4996cb3dc -> 
  custom:container-muxer-webm: aa71ff27fc2769a1b78a27578f13a17b -> 
  custom:container-demuxer-webm: 4f35f7cbe854078d1ac9338744f61a02 -> 
  custom:container-demuxer-ogg: 62fdf1f143b41e24485cea50d1cbac27 -> 
  custom:video-encoder-webm-vp8: eb34c28f22e8b96e1ab97ce403110664 -> 
  custom:video-decoder-webm-vp8: 9c59270c3fd7afecdb556c50c9e8de78 -> 
  custom:graphics/normal-map-encoding: 01000000000000000000000000000000 -> 02000000000000000000000000000000
  custom:audio-decoder-ogg-vorbis: bf7c407c2cedff20999df2af8eb42d56 -> 
  custom:audio-encoder-webm-vorbis: bf7c407c2cedff20999df2af8eb42d56 -> 
========================================================================
Received Prepare
Registering precompiled user dll's ...
Registered in 0.007971 seconds.
Begin MonoManager ReloadAssembly
Native extension for WindowsStandalone target not found
Refreshing native plugins compatible for Editor in 0.73 ms, found 3 plugins.
Preloading 0 native plugins for Editor in 0.00 ms.
Mono: successfully reloaded assembly
- Completed reload, in  2.807 seconds
Domain Reload Profiling:
	ReloadAssembly (2808ms)
		BeginReloadAssembly (199ms)
			ExecutionOrderSort (0ms)
			DisableScriptedObjects (11ms)
			BackupInstance (0ms)
			ReleaseScriptingObjects (0ms)
			CreateAndSetChildDomain (81ms)
		EndReloadAssembly (2522ms)
			LoadAssemblies (128ms)
			RebuildTransferFunctionScriptingTraits (0ms)
			SetupTypeCache (392ms)
			ReleaseScriptCaches (1ms)
			RebuildScriptCaches (62ms)
			SetupLoadedEditorAssemblies (1594ms)
				LogAssemblyErrors (0ms)
				InitializePlatformSupportModulesInManaged (6ms)
				SetLoadedEditorAssemblies (1ms)
				RefreshPlugins (1ms)
				BeforeProcessingInitializeOnLoad (110ms)
				ProcessInitializeOnLoadAttributes (1448ms)
				ProcessInitializeOnLoadMethodAttributes (16ms)
				AfterProcessingInitializeOnLoad (12ms)
				EditorAssembliesLoaded (0ms)
			ExecutionOrderSort2 (0ms)
			AwakeInstancesAfterBackupRestoration (12ms)
Platform modules already initialized, skipping
Switching build target platform(19) subTarget(0) extendedPlatform(0) -> platform(13) subTarget(537395200) extendedPlatform(0)
Refreshing native plugins compatible for Editor in 0.72 ms, found 3 plugins.
Preloading 0 native plugins for Editor in 0.00 ms.
Unloading 2291 Unused Serialized files (Serialized files now loaded: 0)
System memory in use before: 102.4 MB.
System memory in use after: 102.6 MB.

Unloading 18 unused Assets to reduce memory usage. Loaded Objects now: 2798.
Total: 4.339600 ms (FindLiveObjects: 0.284100 ms CreateObjectMapping: 0.121800 ms MarkObjects: 3.907500 ms  DeleteObjects: 0.024200 ms)

AssetImportParameters requested are different than current active one (requested -> active):
  custom:framework-win-MediaFoundation: 216162199b28c13a410421893ffa2e32 -> 
  custom:video-decoder-ogg-theora: a1e56fd34408186e4bbccfd4996cb3dc -> 
  custom:container-muxer-webm: aa71ff27fc2769a1b78a27578f13a17b -> 
  custom:container-demuxer-webm: 4f35f7cbe854078d1ac9338744f61a02 -> 
  custom:container-demuxer-ogg: 62fdf1f143b41e24485cea50d1cbac27 -> 
  custom:video-encoder-webm-vp8: eb34c28f22e8b96e1ab97ce403110664 -> 
  custom:video-decoder-webm-vp8: 9c59270c3fd7afecdb556c50c9e8de78 -> 
  custom:graphics/normal-map-encoding: 01000000000000000000000000000000 -> 02000000000000000000000000000000
  custom:audio-decoder-ogg-vorbis: bf7c407c2cedff20999df2af8eb42d56 -> 
  custom:audio-encoder-webm-vorbis: bf7c407c2cedff20999df2af8eb42d56 -> 
========================================================================
Received Prepare
Refreshing native plugins compatible for Editor in 5.74 ms, found 3 plugins.
Preloading 0 native plugins for Editor in 0.00 ms.
Unloading 15 Unused Serialized files (Serialized files now loaded: 0)
System memory in use before: 57.4 MB.
System memory in use after: 57.6 MB.

Unloading 15 unused Assets to reduce memory usage. Loaded Objects now: 2798.
Total: 5.056900 ms (FindLiveObjects: 0.276500 ms CreateObjectMapping: 0.133200 ms MarkObjects: 4.618100 ms  DeleteObjects: 0.027700 ms)

AssetImportParameters requested are different than current active one (requested -> active):
  custom:framework-win-MediaFoundation: 216162199b28c13a410421893ffa2e32 -> 
  custom:video-decoder-ogg-theora: a1e56fd34408186e4bbccfd4996cb3dc -> 
  custom:container-muxer-webm: aa71ff27fc2769a1b78a27578f13a17b -> 
  custom:container-demuxer-webm: 4f35f7cbe854078d1ac9338744f61a02 -> 
  custom:container-demuxer-ogg: 62fdf1f143b41e24485cea50d1cbac27 -> 
  custom:video-encoder-webm-vp8: eb34c28f22e8b96e1ab97ce403110664 -> 
  custom:video-decoder-webm-vp8: 9c59270c3fd7afecdb556c50c9e8de78 -> 
  custom:audio-decoder-ogg-vorbis: bf7c407c2cedff20999df2af8eb42d56 -> 
  custom:audio-encoder-webm-vorbis: bf7c407c2cedff20999df2af8eb42d56 -> 
AssetImportWorkerClient::OnTransportError - code=2 error=End of file
